# JRE version: OpenJDK Runtime Environment Temurin-17.0.18+8 (17.0.18+8) (build 17.0.18+8)
# Java VM: OpenJDK 64-Bit Server VM Temurin-17.0.18+8 (17.0.18+8, mixed mode, sharing, tiered, compressed oops, compressed class ptrs, g1 gc, windows-amd64)
GC Precious Log:
 CPUs: 8 total, 8 available
 Memory: 8070M
 Large Page Support: Disabled
 NUMA Support: Disabled
 Compressed Oops: Enabled (32-bit)
 Heap Region Size: 1M
 Heap Min Capacity: 8M
 Heap Initial Capacity: 128M
 Heap Max Capacity: 2G
 Pre-touch: Disabled
 Parallel Workers: 8
 Concurrent Workers: 2
 Concurrent Refinement Workers: 8
 Periodic GC: Disabled
Heap:
 garbage-first heap   total 225280K, used 141630K [0x0000000080000000, 0x0000000100000000)
  region size 1024K, 5 young (5120K), 5 survivors (5120K)
 Metaspace       used 74372K, committed 75136K, reserved 1114112K
  class space    used 10622K, committed 10944K, reserved 1048576K
GC Heap History (20 events):
Event: 12.231 GC heap after
{Heap after GC invocations=34 (full 0):
 garbage-first heap   total 199680K, used 95367K [0x0000000080000000, 0x0000000100000000)
  region size 1024K, 6 young (6144K), 6 survivors (6144K)
 Metaspace       used 52959K, committed 53696K, reserved 1114112K
  class space    used 7424K, committed 7808K, reserved 1048576K
}
Event: 13.397 GC heap before
{Heap before GC invocations=34 (full 0):
 garbage-first heap   total 199680K, used 158855K [0x0000000080000000, 0x0000000100000000)
  region size 1024K, 69 young (70656K), 6 survivors (6144K)
 Metaspace       used 56090K, committed 56832K, reserved 1114112K
  class space    used 7859K, committed 8192K, reserved 1048576K
}
Event: 13.408 GC heap after
{Heap after GC invocations=35 (full 0):
 garbage-first heap   total 199680K, used 101400K [0x0000000080000000, 0x0000000100000000)
  region size 1024K, 9 young (9216K), 9 survivors (9216K)
 Metaspace       used 56090K, committed 56832K, reserved 1114112K
  class space    used 7859K, committed 8192K, reserved 1048576K
}
Event: 13.771 GC heap before
{Heap before GC invocations=36 (full 0):
 garbage-first heap   total 199680K, used 159768K [0x0000000080000000, 0x0000000100000000)
  region size 1024K, 67 young (68608K), 9 survivors (9216K)
 Metaspace       used 56423K, committed 57152K, reserved 1114112K
  class space    used 7866K, committed 8192K, reserved 1048576K
}
Event: 13.781 GC heap after
{Heap after GC invocations=37 (full 0):
 garbage-first heap   total 199680K, used 104415K [0x0000000080000000, 0x0000000100000000)
  region size 1024K, 5 young (5120K), 5 survivors (5120K)
 Metaspace       used 56423K, committed 57152K, reserved 1114112K
  class space    used 7866K, committed 8192K, reserved 1048576K
}
Event: 13.803 GC heap before
{Heap before GC invocations=37 (full 0):
 garbage-first heap   total 199680K, used 107487K [0x0000000080000000, 0x0000000100000000)
  region size 1024K, 9 young (9216K), 5 survivors (5120K)
 Metaspace       used 56424K, committed 57152K, reserved 1114112K
  class space    used 7866K, committed 8192K, reserved 1048576K
}
Event: 13.806 GC heap after
{Heap after GC invocations=38 (full 0):
 garbage-first heap   total 199680K, used 104369K [0x0000000080000000, 0x0000000100000000)
  region size 1024K, 1 young (1024K), 1 survivors (1024K)
 Metaspace       used 56424K, committed 57152K, reserved 1114112K
  class space    used 7866K, committed 8192K, reserved 1048576K
}
Event: 14.121 GC heap before
{Heap before GC invocations=38 (full 0):
 garbage-first heap   total 199680K, used 155569K [0x0000000080000000, 0x0000000100000000)
  region size 1024K, 52 young (53248K), 1 survivors (1024K)
 Metaspace       used 57092K, committed 57856K, reserved 1114112K
  class space    used 7946K, committed 8320K, reserved 1048576K
}
Event: 14.125 GC heap after
{Heap after GC invocations=39 (full 0):
 garbage-first heap   total 199680K, used 107433K [0x0000000080000000, 0x0000000100000000)
  region size 1024K, 4 young (4096K), 4 survivors (4096K)
 Metaspace       used 57092K, committed 57856K, reserved 1114112K
  class space    used 7946K, committed 8320K, reserved 1048576K
}
Event: 15.605 GC heap before
{Heap before GC invocations=40 (full 0):
 garbage-first heap   total 199680K, used 177065K [0x0000000080000000, 0x0000000100000000)
  region size 1024K, 59 young (60416K), 4 survivors (4096K)
 Metaspace       used 63035K, committed 63808K, reserved 1114112K
  class space    used 9168K, committed 9536K, reserved 1048576K
}
Event: 15.614 GC heap after
{Heap after GC invocations=41 (full 0):
 garbage-first heap   total 199680K, used 128904K [0x0000000080000000, 0x0000000100000000)
  region size 1024K, 8 young (8192K), 8 survivors (8192K)
 Metaspace       used 63035K, committed 63808K, reserved 1114112K
  class space    used 9168K, committed 9536K, reserved 1048576K
}
Event: 15.641 GC heap before
{Heap before GC invocations=41 (full 0):
 garbage-first heap   total 199680K, used 130952K [0x0000000080000000, 0x0000000100000000)
  region size 1024K, 9 young (9216K), 8 survivors (8192K)
 Metaspace       used 63082K, committed 63808K, reserved 1114112K
  class space    used 9174K, committed 9536K, reserved 1048576K
}
Event: 15.647 GC heap after
{Heap after GC invocations=42 (full 0):
 garbage-first heap   total 199680K, used 128922K [0x0000000080000000, 0x0000000100000000)
  region size 1024K, 1 young (1024K), 1 survivors (1024K)
 Metaspace       used 63082K, committed 63808K, reserved 1114112K
  class space    used 9174K, committed 9536K, reserved 1048576K
}
Event: 16.221 GC heap before
{Heap before GC invocations=42 (full 0):
 garbage-first heap   total 199680K, used 167834K [0x0000000080000000, 0x0000000100000000)
  region size 1024K, 39 young (39936K), 1 survivors (1024K)
 Metaspace       used 66645K, committed 67392K, reserved 1114112K
  class space    used 9588K, committed 9920K, reserved 1048576K
}
Event: 16.226 GC heap after
{Heap after GC invocations=43 (full 0):
 garbage-first heap   total 199680K, used 129626K [0x0000000080000000, 0x0000000100000000)
  region size 1024K, 2 young (2048K), 2 survivors (2048K)
 Metaspace       used 66645K, committed 67392K, reserved 1114112K
  class space    used 9588K, committed 9920K, reserved 1048576K
}
Event: 16.886 GC heap before
{Heap before GC invocations=44 (full 0):
 garbage-first heap   total 225280K, used 173658K [0x0000000080000000, 0x0000000100000000)
  region size 1024K, 41 young (41984K), 2 survivors (2048K)
 Metaspace       used 70567K, committed 71360K, reserved 1114112K
  class space    used 10133K, committed 10496K, reserved 1048576K
}
Event: 16.890 GC heap after
{Heap after GC invocations=45 (full 0):
 garbage-first heap   total 225280K, used 136569K [0x0000000080000000, 0x0000000100000000)
  region size 1024K, 6 young (6144K), 6 survivors (6144K)
 Metaspace       used 70567K, committed 71360K, reserved 1114112K
  class space    used 10133K, committed 10496K, reserved 1048576K
}
Event: 16.898 GC heap before
{Heap before GC invocations=45 (full 0):
 garbage-first heap   total 225280K, used 141689K [0x0000000080000000, 0x0000000100000000)
  region size 1024K, 11 young (11264K), 6 survivors (6144K)
 Metaspace       used 70567K, committed 71360K, reserved 1114112K
  class space    used 10133K, committed 10496K, reserved 1048576K
}
Event: 16.903 GC heap after
{Heap after GC invocations=46 (full 0):
 garbage-first heap   total 225280K, used 138202K [0x0000000080000000, 0x0000000100000000)
  region size 1024K, 2 young (2048K), 2 survivors (2048K)
 Metaspace       used 70567K, committed 71360K, reserved 1114112K
  class space    used 10133K, committed 10496K, reserved 1048576K
}
Event: 17.576 GC heap before
{Heap before GC invocations=46 (full 0):
 garbage-first heap   total 225280K, used 189402K [0x0000000080000000, 0x0000000100000000)
  region size 1024K, 51 young (52224K), 2 survivors (2048K)
 Metaspace       used 74372K, committed 75136K, reserved 1114112K
  class space    used 10622K, committed 10944K, reserved 1048576K
}

