# JRE version: OpenJDK Runtime Environment Temurin-17.0.18+8 (17.0.18+8) (build 17.0.18+8)
# Java VM: OpenJDK 64-Bit Server VM Temurin-17.0.18+8 (17.0.18+8, mixed mode, sharing, tiered, compressed oops, compressed class ptrs, g1 gc, windows-amd64)
GC Precious Log:
 CPUs: 8 total, 8 available
 Memory: 8070M
 Large Page Support: Disabled
 NUMA Support: Disabled
 Compressed Oops: Enabled (32-bit)
 Heap Region Size: 1M
 Heap Min Capacity: 8M
 Heap Initial Capacity: 128M
 Heap Max Capacity: 2G
 Pre-touch: Disabled
 Parallel Workers: 8
 Concurrent Workers: 2
 Concurrent Refinement Workers: 8
 Periodic GC: Disabled
Heap:
 garbage-first heap   total 296960K, used 194497K [0x0000000080000000, 0x0000000100000000)
  region size 1024K, 39 young (39936K), 6 survivors (6144K)
 Metaspace       used 112772K, committed 113920K, reserved 1179648K
  class space    used 15190K, committed 15744K, reserved 1048576K
GC Heap History (20 events):
Event: 42.951 GC heap before
{Heap before GC invocations=44 (full 0):
 garbage-first heap   total 285696K, used 223191K [0x0000000080000000, 0x0000000100000000)
  region size 1024K, 62 young (63488K), 2 survivors (2048K)
 Metaspace       used 104136K, committed 105088K, reserved 1179648K
  class space    used 14191K, committed 14656K, reserved 1048576K
}
Event: 42.961 GC heap after
{Heap after GC invocations=45 (full 0):
 garbage-first heap   total 285696K, used 163050K [0x0000000080000000, 0x0000000100000000)
  region size 1024K, 5 young (5120K), 5 survivors (5120K)
 Metaspace       used 104136K, committed 105088K, reserved 1179648K
  class space    used 14191K, committed 14656K, reserved 1048576K
}
Event: 43.110 GC heap before
{Heap before GC invocations=45 (full 0):
 garbage-first heap   total 285696K, used 170218K [0x0000000080000000, 0x0000000100000000)
  region size 1024K, 13 young (13312K), 5 survivors (5120K)
 Metaspace       used 104197K, committed 105152K, reserved 1179648K
  class space    used 14197K, committed 14656K, reserved 1048576K
}
Event: 43.126 GC heap after
{Heap after GC invocations=46 (full 0):
 garbage-first heap   total 285696K, used 156458K [0x0000000080000000, 0x0000000100000000)
  region size 1024K, 2 young (2048K), 2 survivors (2048K)
 Metaspace       used 104197K, committed 105152K, reserved 1179648K
  class space    used 14197K, committed 14656K, reserved 1048576K
}
Event: 43.915 GC heap before
{Heap before GC invocations=46 (full 0):
 garbage-first heap   total 285696K, used 227114K [0x0000000080000000, 0x0000000100000000)
  region size 1024K, 72 young (73728K), 2 survivors (2048K)
 Metaspace       used 104231K, committed 105152K, reserved 1179648K
  class space    used 14197K, committed 14656K, reserved 1048576K
}
Event: 43.924 GC heap after
{Heap after GC invocations=47 (full 0):
 garbage-first heap   total 285696K, used 159796K [0x0000000080000000, 0x0000000100000000)
  region size 1024K, 5 young (5120K), 5 survivors (5120K)
 Metaspace       used 104231K, committed 105152K, reserved 1179648K
  class space    used 14197K, committed 14656K, reserved 1048576K
}
Event: 44.828 GC heap before
{Heap before GC invocations=47 (full 0):
 garbage-first heap   total 285696K, used 231476K [0x0000000080000000, 0x0000000100000000)
  region size 1024K, 76 young (77824K), 5 survivors (5120K)
 Metaspace       used 105761K, committed 106816K, reserved 1179648K
  class space    used 14353K, committed 14848K, reserved 1048576K
}
Event: 44.835 GC heap after
{Heap after GC invocations=48 (full 0):
 garbage-first heap   total 285696K, used 164644K [0x0000000080000000, 0x0000000100000000)
  region size 1024K, 10 young (10240K), 10 survivors (10240K)
 Metaspace       used 105761K, committed 106816K, reserved 1179648K
  class space    used 14353K, committed 14848K, reserved 1048576K
}
Event: 45.272 GC heap before
{Heap before GC invocations=48 (full 0):
 garbage-first heap   total 285696K, used 234276K [0x0000000080000000, 0x0000000100000000)
  region size 1024K, 78 young (79872K), 10 survivors (10240K)
 Metaspace       used 106272K, committed 107328K, reserved 1179648K
  class space    used 14403K, committed 14912K, reserved 1048576K
}
Event: 45.281 GC heap after
{Heap after GC invocations=49 (full 0):
 garbage-first heap   total 285696K, used 167883K [0x0000000080000000, 0x0000000100000000)
  region size 1024K, 10 young (10240K), 10 survivors (10240K)
 Metaspace       used 106272K, committed 107328K, reserved 1179648K
  class space    used 14403K, committed 14912K, reserved 1048576K
}
Event: 50.599 GC heap before
{Heap before GC invocations=50 (full 0):
 garbage-first heap   total 296960K, used 232395K [0x0000000080000000, 0x0000000100000000)
  region size 1024K, 76 young (77824K), 10 survivors (10240K)
 Metaspace       used 106882K, committed 107904K, reserved 1179648K
  class space    used 14468K, committed 14976K, reserved 1048576K
}
Event: 50.626 GC heap after
{Heap after GC invocations=51 (full 0):
 garbage-first heap   total 296960K, used 169898K [0x0000000080000000, 0x0000000100000000)
  region size 1024K, 6 young (6144K), 6 survivors (6144K)
 Metaspace       used 106882K, committed 107904K, reserved 1179648K
  class space    used 14468K, committed 14976K, reserved 1048576K
}
Event: 50.755 GC heap before
{Heap before GC invocations=51 (full 0):
 garbage-first heap   total 296960K, used 177066K [0x0000000080000000, 0x0000000100000000)
  region size 1024K, 14 young (14336K), 6 survivors (6144K)
 Metaspace       used 106909K, committed 107904K, reserved 1179648K
  class space    used 14470K, committed 14976K, reserved 1048576K
}
Event: 50.775 GC heap after
{Heap after GC invocations=52 (full 0):
 garbage-first heap   total 296960K, used 155409K [0x0000000080000000, 0x0000000100000000)
  region size 1024K, 2 young (2048K), 2 survivors (2048K)
 Metaspace       used 106909K, committed 107904K, reserved 1179648K
  class space    used 14470K, committed 14976K, reserved 1048576K
}
Event: 51.876 GC heap before
{Heap before GC invocations=52 (full 0):
 garbage-first heap   total 296960K, used 241425K [0x0000000080000000, 0x0000000100000000)
  region size 1024K, 87 young (89088K), 2 survivors (2048K)
 Metaspace       used 107989K, committed 108928K, reserved 1179648K
  class space    used 14583K, committed 15040K, reserved 1048576K
}
Event: 51.886 GC heap after
{Heap after GC invocations=53 (full 0):
 garbage-first heap   total 296960K, used 158327K [0x0000000080000000, 0x0000000100000000)
  region size 1024K, 5 young (5120K), 5 survivors (5120K)
 Metaspace       used 107989K, committed 108928K, reserved 1179648K
  class space    used 14583K, committed 15040K, reserved 1048576K
}
Event: 52.371 GC heap before
{Heap before GC invocations=53 (full 0):
 garbage-first heap   total 296960K, used 243319K [0x0000000080000000, 0x0000000100000000)
  region size 1024K, 89 young (91136K), 5 survivors (5120K)
 Metaspace       used 108428K, committed 109440K, reserved 1179648K
  class space    used 14614K, committed 15104K, reserved 1048576K
}
Event: 52.382 GC heap after
{Heap after GC invocations=54 (full 0):
 garbage-first heap   total 296960K, used 160836K [0x0000000080000000, 0x0000000100000000)
  region size 1024K, 8 young (8192K), 8 survivors (8192K)
 Metaspace       used 108428K, committed 109440K, reserved 1179648K
  class space    used 14614K, committed 15104K, reserved 1048576K
}
Event: 73.497 GC heap before
{Heap before GC invocations=54 (full 0):
 garbage-first heap   total 296960K, used 245828K [0x0000000080000000, 0x0000000100000000)
  region size 1024K, 92 young (94208K), 8 survivors (8192K)
 Metaspace       used 112742K, committed 113856K, reserved 1179648K
  class space    used 15187K, committed 15744K, reserved 1048576K
}
Event: 73.508 GC heap after
{Heap after GC invocations=55 (full 0):
 garbage-first heap   total 296960K, used 162753K [0x0000000080000000, 0x0000000100000000)
  region size 1024K, 6 young (6144K), 6 survivors (6144K)
 Metaspace       used 112742K, committed 113856K, reserved 1179648K
  class space    used 15187K, committed 15744K, reserved 1048576K
}

