# JRE version: OpenJDK Runtime Environment Temurin-17.0.18+8 (17.0.18+8) (build 17.0.18+8)
# Java VM: OpenJDK 64-Bit Server VM Temurin-17.0.18+8 (17.0.18+8, mixed mode, sharing, tiered, compressed oops, compressed class ptrs, g1 gc, windows-amd64)
GC Precious Log:
 CPUs: 8 total, 8 available
 Memory: 8070M
 Large Page Support: Disabled
 NUMA Support: Disabled
 Compressed Oops: Enabled (32-bit)
 Heap Region Size: 1M
 Heap Min Capacity: 8M
 Heap Initial Capacity: 128M
 Heap Max Capacity: 2G
 Pre-touch: Disabled
 Parallel Workers: 8
 Concurrent Workers: 2
 Concurrent Refinement Workers: 8
 Periodic GC: Disabled
Heap:
 garbage-first heap   total 189440K, used 102665K [0x0000000080000000, 0x0000000100000000)
  region size 1024K, 2 young (2048K), 2 survivors (2048K)
 Metaspace       used 56444K, committed 57152K, reserved 1114112K
  class space    used 7852K, committed 8192K, reserved 1048576K
GC Heap History (20 events):
Event: 10.445 GC heap after
{Heap after GC invocations=30 (full 0):
 garbage-first heap   total 155648K, used 91628K [0x0000000080000000, 0x0000000100000000)
  region size 1024K, 2 young (2048K), 2 survivors (2048K)
 Metaspace       used 45089K, committed 45696K, reserved 1114112K
  class space    used 6266K, committed 6528K, reserved 1048576K
}
Event: 10.455 GC heap before
{Heap before GC invocations=30 (full 0):
 garbage-first heap   total 155648K, used 96748K [0x0000000080000000, 0x0000000100000000)
  region size 1024K, 7 young (7168K), 2 survivors (2048K)
 Metaspace       used 45089K, committed 45696K, reserved 1114112K
  class space    used 6266K, committed 6528K, reserved 1048576K
}
Event: 10.458 GC heap after
{Heap after GC invocations=31 (full 0):
 garbage-first heap   total 155648K, used 91274K [0x0000000080000000, 0x0000000100000000)
  region size 1024K, 1 young (1024K), 1 survivors (1024K)
 Metaspace       used 45089K, committed 45696K, reserved 1114112K
  class space    used 6266K, committed 6528K, reserved 1048576K
}
Event: 10.852 GC heap before
{Heap before GC invocations=31 (full 0):
 garbage-first heap   total 155648K, used 124042K [0x0000000080000000, 0x0000000100000000)
  region size 1024K, 33 young (33792K), 1 survivors (1024K)
 Metaspace       used 47669K, committed 48256K, reserved 1114112K
  class space    used 6632K, committed 6912K, reserved 1048576K
}
Event: 10.855 GC heap after
{Heap after GC invocations=32 (full 0):
 garbage-first heap   total 155648K, used 92604K [0x0000000080000000, 0x0000000100000000)
  region size 1024K, 2 young (2048K), 2 survivors (2048K)
 Metaspace       used 47669K, committed 48256K, reserved 1114112K
  class space    used 6632K, committed 6912K, reserved 1048576K
}
Event: 11.737 GC heap before
{Heap before GC invocations=33 (full 0):
 garbage-first heap   total 163840K, used 126396K [0x0000000080000000, 0x0000000100000000)
  region size 1024K, 35 young (35840K), 2 survivors (2048K)
 Metaspace       used 51269K, committed 51840K, reserved 1114112K
  class space    used 7166K, committed 7424K, reserved 1048576K
}
Event: 11.743 GC heap after
{Heap after GC invocations=34 (full 0):
 garbage-first heap   total 163840K, used 94067K [0x0000000080000000, 0x0000000100000000)
  region size 1024K, 3 young (3072K), 3 survivors (3072K)
 Metaspace       used 51269K, committed 51840K, reserved 1114112K
  class space    used 7166K, committed 7424K, reserved 1048576K
}
Event: 11.935 GC heap before
{Heap before GC invocations=34 (full 0):
 garbage-first heap   total 163840K, used 99187K [0x0000000080000000, 0x0000000100000000)
  region size 1024K, 8 young (8192K), 3 survivors (3072K)
 Metaspace       used 51781K, committed 52416K, reserved 1114112K
  class space    used 7242K, committed 7552K, reserved 1048576K
}
Event: 11.941 GC heap after
{Heap after GC invocations=35 (full 0):
 garbage-first heap   total 163840K, used 94149K [0x0000000080000000, 0x0000000100000000)
  region size 1024K, 1 young (1024K), 1 survivors (1024K)
 Metaspace       used 51781K, committed 52416K, reserved 1114112K
  class space    used 7242K, committed 7552K, reserved 1048576K
}
Event: 13.419 GC heap before
{Heap before GC invocations=35 (full 0):
 garbage-first heap   total 163840K, used 135109K [0x0000000080000000, 0x0000000100000000)
  region size 1024K, 41 young (41984K), 1 survivors (1024K)
 Metaspace       used 55442K, committed 56192K, reserved 1114112K
  class space    used 7786K, committed 8128K, reserved 1048576K
}
Event: 13.428 GC heap after
{Heap after GC invocations=36 (full 0):
 garbage-first heap   total 163840K, used 97012K [0x0000000080000000, 0x0000000100000000)
  region size 1024K, 4 young (4096K), 4 survivors (4096K)
 Metaspace       used 55442K, committed 56192K, reserved 1114112K
  class space    used 7786K, committed 8128K, reserved 1048576K
}
Event: 14.396 GC heap before
{Heap before GC invocations=37 (full 0):
 garbage-first heap   total 165888K, used 133876K [0x0000000080000000, 0x0000000100000000)
  region size 1024K, 41 young (41984K), 4 survivors (4096K)
 Metaspace       used 56129K, committed 56832K, reserved 1114112K
  class space    used 7852K, committed 8192K, reserved 1048576K
}
Event: 14.402 GC heap after
{Heap after GC invocations=38 (full 0):
 garbage-first heap   total 165888K, used 101080K [0x0000000080000000, 0x0000000100000000)
  region size 1024K, 5 young (5120K), 5 survivors (5120K)
 Metaspace       used 56129K, committed 56832K, reserved 1114112K
  class space    used 7852K, committed 8192K, reserved 1048576K
}
Event: 14.452 GC heap before
{Heap before GC invocations=38 (full 0):
 garbage-first heap   total 165888K, used 103128K [0x0000000080000000, 0x0000000100000000)
  region size 1024K, 8 young (8192K), 5 survivors (5120K)
 Metaspace       used 56140K, committed 56832K, reserved 1114112K
  class space    used 7852K, committed 8192K, reserved 1048576K
}
Event: 14.456 GC heap after
{Heap after GC invocations=39 (full 0):
 garbage-first heap   total 165888K, used 100604K [0x0000000080000000, 0x0000000100000000)
  region size 1024K, 1 young (1024K), 1 survivors (1024K)
 Metaspace       used 56140K, committed 56832K, reserved 1114112K
  class space    used 7852K, committed 8192K, reserved 1048576K
}
Event: 14.773 GC heap before
{Heap before GC invocations=39 (full 0):
 garbage-first heap   total 165888K, used 135420K [0x0000000080000000, 0x0000000100000000)
  region size 1024K, 36 young (36864K), 1 survivors (1024K)
 Metaspace       used 56388K, committed 57088K, reserved 1114112K
  class space    used 7852K, committed 8192K, reserved 1048576K
}
Event: 14.776 GC heap after
{Heap after GC invocations=40 (full 0):
 garbage-first heap   total 165888K, used 102735K [0x0000000080000000, 0x0000000100000000)
  region size 1024K, 4 young (4096K), 4 survivors (4096K)
 Metaspace       used 56388K, committed 57088K, reserved 1114112K
  class space    used 7852K, committed 8192K, reserved 1048576K
}
Event: 14.970 GC heap before
{Heap before GC invocations=41 (full 0):
 garbage-first heap   total 189440K, used 136527K [0x0000000080000000, 0x0000000100000000)
  region size 1024K, 37 young (37888K), 4 survivors (4096K)
 Metaspace       used 56440K, committed 57152K, reserved 1114112K
  class space    used 7852K, committed 8192K, reserved 1048576K
}
Event: 14.973 GC heap after
{Heap after GC invocations=42 (full 0):
 garbage-first heap   total 189440K, used 103559K [0x0000000080000000, 0x0000000100000000)
  region size 1024K, 3 young (3072K), 3 survivors (3072K)
 Metaspace       used 56440K, committed 57152K, reserved 1114112K
  class space    used 7852K, committed 8192K, reserved 1048576K
}
Event: 15.000 GC heap before
{Heap before GC invocations=42 (full 0):
 garbage-first heap   total 189440K, used 109703K [0x0000000080000000, 0x0000000100000000)
  region size 1024K, 9 young (9216K), 3 survivors (3072K)
 Metaspace       used 56444K, committed 57152K, reserved 1114112K
  class space    used 7852K, committed 8192K, reserved 1048576K
}

