# JRE version: OpenJDK Runtime Environment Temurin-17.0.18+8 (17.0.18+8) (build 17.0.18+8)
# Java VM: OpenJDK 64-Bit Server VM Temurin-17.0.18+8 (17.0.18+8, mixed mode, sharing, tiered, compressed oops, compressed class ptrs, g1 gc, windows-amd64)
GC Precious Log:
 CPUs: 8 total, 8 available
 Memory: 8070M
 Large Page Support: Disabled
 NUMA Support: Disabled
 Compressed Oops: Enabled (32-bit)
 Heap Region Size: 1M
 Heap Min Capacity: 8M
 Heap Initial Capacity: 128M
 Heap Max Capacity: 2G
 Pre-touch: Disabled
 Parallel Workers: 8
 Concurrent Workers: 2
 Concurrent Refinement Workers: 8
 Periodic GC: Disabled
Heap:
 garbage-first heap   total 158720K, used 86419K [0x0000000080000000, 0x0000000100000000)
  region size 1024K, 4 young (4096K), 4 survivors (4096K)
 Metaspace       used 70393K, committed 71104K, reserved 1114112K
  class space    used 9627K, committed 9984K, reserved 1048576K
GC Heap History (20 events):
Event: 13.679 GC heap after
{Heap after GC invocations=15 (full 0):
 garbage-first heap   total 151552K, used 40631K [0x0000000080000000, 0x0000000100000000)
  region size 1024K, 2 young (2048K), 2 survivors (2048K)
 Metaspace       used 45922K, committed 46464K, reserved 1114112K
  class space    used 6420K, committed 6656K, reserved 1048576K
}
Event: 15.193 GC heap before
{Heap before GC invocations=16 (full 0):
 garbage-first heap   total 147456K, used 116407K [0x0000000080000000, 0x0000000100000000)
  region size 1024K, 76 young (77824K), 2 survivors (2048K)
 Metaspace       used 53385K, committed 54016K, reserved 1114112K
  class space    used 7516K, committed 7808K, reserved 1048576K
}
Event: 15.199 GC heap after
{Heap after GC invocations=17 (full 0):
 garbage-first heap   total 147456K, used 45580K [0x0000000080000000, 0x0000000100000000)
  region size 1024K, 7 young (7168K), 7 survivors (7168K)
 Metaspace       used 53385K, committed 54016K, reserved 1114112K
  class space    used 7516K, committed 7808K, reserved 1048576K
}
Event: 15.223 GC heap before
{Heap before GC invocations=17 (full 0):
 garbage-first heap   total 147456K, used 46604K [0x0000000080000000, 0x0000000100000000)
  region size 1024K, 8 young (8192K), 7 survivors (7168K)
 Metaspace       used 53499K, committed 54080K, reserved 1114112K
  class space    used 7533K, committed 7808K, reserved 1048576K
}
Event: 15.228 GC heap after
{Heap after GC invocations=18 (full 0):
 garbage-first heap   total 147456K, used 45649K [0x0000000080000000, 0x0000000100000000)
  region size 1024K, 1 young (1024K), 1 survivors (1024K)
 Metaspace       used 53499K, committed 54080K, reserved 1114112K
  class space    used 7533K, committed 7808K, reserved 1048576K
}
Event: 15.967 GC heap before
{Heap before GC invocations=18 (full 0):
 garbage-first heap   total 147456K, used 114257K [0x0000000080000000, 0x0000000100000000)
  region size 1024K, 69 young (70656K), 1 survivors (1024K)
 Metaspace       used 54140K, committed 54720K, reserved 1114112K
  class space    used 7561K, committed 7808K, reserved 1048576K
}
Event: 15.976 GC heap after
{Heap after GC invocations=19 (full 0):
 garbage-first heap   total 147456K, used 49860K [0x0000000080000000, 0x0000000100000000)
  region size 1024K, 5 young (5120K), 5 survivors (5120K)
 Metaspace       used 54140K, committed 54720K, reserved 1114112K
  class space    used 7561K, committed 7808K, reserved 1048576K
}
Event: 16.380 GC heap before
{Heap before GC invocations=19 (full 0):
 garbage-first heap   total 147456K, used 115396K [0x0000000080000000, 0x0000000100000000)
  region size 1024K, 70 young (71680K), 5 survivors (5120K)
 Metaspace       used 54243K, committed 54784K, reserved 1114112K
  class space    used 7561K, committed 7808K, reserved 1048576K
}
Event: 16.388 GC heap after
{Heap after GC invocations=20 (full 0):
 garbage-first heap   total 147456K, used 51947K [0x0000000080000000, 0x0000000100000000)
  region size 1024K, 5 young (5120K), 5 survivors (5120K)
 Metaspace       used 54243K, committed 54784K, reserved 1114112K
  class space    used 7561K, committed 7808K, reserved 1048576K
}
Event: 17.582 GC heap before
{Heap before GC invocations=20 (full 0):
 garbage-first heap   total 147456K, used 131819K [0x0000000080000000, 0x0000000100000000)
  region size 1024K, 68 young (69632K), 5 survivors (5120K)
 Metaspace       used 57557K, committed 58240K, reserved 1114112K
  class space    used 7990K, committed 8256K, reserved 1048576K
}
Event: 17.587 GC heap after
{Heap after GC invocations=21 (full 0):
 garbage-first heap   total 147456K, used 76092K [0x0000000080000000, 0x0000000100000000)
  region size 1024K, 9 young (9216K), 9 survivors (9216K)
 Metaspace       used 57557K, committed 58240K, reserved 1114112K
  class space    used 7990K, committed 8256K, reserved 1048576K
}
Event: 18.162 GC heap before
{Heap before GC invocations=21 (full 0):
 garbage-first heap   total 147456K, used 119100K [0x0000000080000000, 0x0000000100000000)
  region size 1024K, 51 young (52224K), 9 survivors (9216K)
 Metaspace       used 61713K, committed 62464K, reserved 1114112K
  class space    used 8500K, committed 8832K, reserved 1048576K
}
Event: 18.166 GC heap after
{Heap after GC invocations=22 (full 0):
 garbage-first heap   total 147456K, used 77994K [0x0000000080000000, 0x0000000100000000)
  region size 1024K, 2 young (2048K), 2 survivors (2048K)
 Metaspace       used 61713K, committed 62464K, reserved 1114112K
  class space    used 8500K, committed 8832K, reserved 1048576K
}
Event: 18.465 GC heap before
{Heap before GC invocations=23 (full 0):
 garbage-first heap   total 147456K, used 94378K [0x0000000080000000, 0x0000000100000000)
  region size 1024K, 19 young (19456K), 2 survivors (2048K)
 Metaspace       used 64066K, committed 64768K, reserved 1114112K
  class space    used 8823K, committed 9152K, reserved 1048576K
}
Event: 18.468 GC heap after
{Heap after GC invocations=24 (full 0):
 garbage-first heap   total 147456K, used 79512K [0x0000000080000000, 0x0000000100000000)
  region size 1024K, 4 young (4096K), 4 survivors (4096K)
 Metaspace       used 64066K, committed 64768K, reserved 1114112K
  class space    used 8823K, committed 9152K, reserved 1048576K
}
Event: 18.562 GC heap before
{Heap before GC invocations=25 (full 0):
 garbage-first heap   total 158720K, used 93848K [0x0000000080000000, 0x0000000100000000)
  region size 1024K, 15 young (15360K), 4 survivors (4096K)
 Metaspace       used 64074K, committed 64832K, reserved 1114112K
  class space    used 8824K, committed 9152K, reserved 1048576K
}
Event: 18.569 GC heap after
{Heap after GC invocations=26 (full 0):
 garbage-first heap   total 158720K, used 81578K [0x0000000080000000, 0x0000000100000000)
  region size 1024K, 6 young (6144K), 6 survivors (6144K)
 Metaspace       used 64074K, committed 64832K, reserved 1114112K
  class space    used 8824K, committed 9152K, reserved 1048576K
}
Event: 19.348 GC heap before
{Heap before GC invocations=27 (full 0):
 garbage-first heap   total 158720K, used 118442K [0x0000000080000000, 0x0000000100000000)
  region size 1024K, 41 young (41984K), 6 survivors (6144K)
 Metaspace       used 66761K, committed 67456K, reserved 1114112K
  class space    used 9193K, committed 9536K, reserved 1048576K
}
Event: 19.355 GC heap after
{Heap after GC invocations=28 (full 0):
 garbage-first heap   total 158720K, used 84539K [0x0000000080000000, 0x0000000100000000)
  region size 1024K, 5 young (5120K), 5 survivors (5120K)
 Metaspace       used 66761K, committed 67456K, reserved 1114112K
  class space    used 9193K, committed 9536K, reserved 1048576K
}
Event: 20.077 GC heap before
{Heap before GC invocations=28 (full 0):
 garbage-first heap   total 158720K, used 113211K [0x0000000080000000, 0x0000000100000000)
  region size 1024K, 35 young (35840K), 5 survivors (5120K)
 Metaspace       used 70393K, committed 71104K, reserved 1114112K
  class space    used 9627K, committed 9984K, reserved 1048576K
}

