# JRE version: OpenJDK Runtime Environment Temurin-17.0.18+8 (17.0.18+8) (build 17.0.18+8)
# Java VM: OpenJDK 64-Bit Server VM Temurin-17.0.18+8 (17.0.18+8, mixed mode, sharing, tiered, compressed oops, compressed class ptrs, g1 gc, windows-amd64)
GC Precious Log:
 CPUs: 8 total, 8 available
 Memory: 8070M
 Large Page Support: Disabled
 NUMA Support: Disabled
 Compressed Oops: Enabled (32-bit)
 Heap Region Size: 1M
 Heap Min Capacity: 8M
 Heap Initial Capacity: 128M
 Heap Max Capacity: 2G
 Pre-touch: Disabled
 Parallel Workers: 8
 Concurrent Workers: 2
 Concurrent Refinement Workers: 8
 Periodic GC: Disabled
Heap:
 garbage-first heap   total 217088K, used 177882K [0x0000000080000000, 0x0000000100000000)
  region size 1024K, 41 young (41984K), 4 survivors (4096K)
 Metaspace       used 98199K, committed 99072K, reserved 1179648K
  class space    used 13590K, committed 14016K, reserved 1048576K
GC Heap History (20 events):
Event: 29.791 GC heap before
{Heap before GC invocations=31 (full 0):
 garbage-first heap   total 217088K, used 111849K [0x0000000080000000, 0x0000000100000000)
  region size 1024K, 10 young (10240K), 9 survivors (9216K)
 Metaspace       used 92196K, committed 93056K, reserved 1179648K
  class space    used 12793K, committed 13184K, reserved 1048576K
}
Event: 29.810 GC heap after
{Heap after GC invocations=32 (full 0):
 garbage-first heap   total 217088K, used 110385K [0x0000000080000000, 0x0000000100000000)
  region size 1024K, 2 young (2048K), 2 survivors (2048K)
 Metaspace       used 92196K, committed 93056K, reserved 1179648K
  class space    used 12793K, committed 13184K, reserved 1048576K
}
Event: 31.138 GC heap before
{Heap before GC invocations=32 (full 0):
 garbage-first heap   total 217088K, used 178993K [0x0000000080000000, 0x0000000100000000)
  region size 1024K, 69 young (70656K), 2 survivors (2048K)
 Metaspace       used 92936K, committed 93760K, reserved 1179648K
  class space    used 12894K, committed 13248K, reserved 1048576K
}
Event: 31.151 GC heap after
{Heap after GC invocations=33 (full 0):
 garbage-first heap   total 217088K, used 119630K [0x0000000080000000, 0x0000000100000000)
  region size 1024K, 9 young (9216K), 9 survivors (9216K)
 Metaspace       used 92936K, committed 93760K, reserved 1179648K
  class space    used 12894K, committed 13248K, reserved 1048576K
}
Event: 32.806 GC heap before
{Heap before GC invocations=34 (full 0):
 garbage-first heap   total 217088K, used 175950K [0x0000000080000000, 0x0000000100000000)
  region size 1024K, 65 young (66560K), 9 survivors (9216K)
 Metaspace       used 95133K, committed 96000K, reserved 1179648K
  class space    used 13195K, committed 13568K, reserved 1048576K
}
Event: 32.820 GC heap after
{Heap after GC invocations=35 (full 0):
 garbage-first heap   total 217088K, used 127874K [0x0000000080000000, 0x0000000100000000)
  region size 1024K, 8 young (8192K), 8 survivors (8192K)
 Metaspace       used 95133K, committed 96000K, reserved 1179648K
  class space    used 13195K, committed 13568K, reserved 1048576K
}
Event: 32.831 GC heap before
{Heap before GC invocations=35 (full 0):
 garbage-first heap   total 217088K, used 129922K [0x0000000080000000, 0x0000000100000000)
  region size 1024K, 10 young (10240K), 8 survivors (8192K)
 Metaspace       used 95133K, committed 96000K, reserved 1179648K
  class space    used 13195K, committed 13568K, reserved 1048576K
}
Event: 32.839 GC heap after
{Heap after GC invocations=36 (full 0):
 garbage-first heap   total 217088K, used 127696K [0x0000000080000000, 0x0000000100000000)
  region size 1024K, 2 young (2048K), 2 survivors (2048K)
 Metaspace       used 95133K, committed 96000K, reserved 1179648K
  class space    used 13195K, committed 13568K, reserved 1048576K
}
Event: 33.135 GC heap before
{Heap before GC invocations=36 (full 0):
 garbage-first heap   total 217088K, used 175824K [0x0000000080000000, 0x0000000100000000)
  region size 1024K, 50 young (51200K), 2 survivors (2048K)
 Metaspace       used 95148K, committed 96000K, reserved 1179648K
  class space    used 13195K, committed 13568K, reserved 1048576K
}
Event: 33.140 GC heap after
{Heap after GC invocations=37 (full 0):
 garbage-first heap   total 217088K, used 130223K [0x0000000080000000, 0x0000000100000000)
  region size 1024K, 5 young (5120K), 5 survivors (5120K)
 Metaspace       used 95148K, committed 96000K, reserved 1179648K
  class space    used 13195K, committed 13568K, reserved 1048576K
}
Event: 33.851 GC heap before
{Heap before GC invocations=37 (full 0):
 garbage-first heap   total 217088K, used 178351K [0x0000000080000000, 0x0000000100000000)
  region size 1024K, 52 young (53248K), 5 survivors (5120K)
 Metaspace       used 95681K, committed 96576K, reserved 1179648K
  class space    used 13292K, committed 13696K, reserved 1048576K
}
Event: 33.861 GC heap after
{Heap after GC invocations=38 (full 0):
 garbage-first heap   total 217088K, used 133483K [0x0000000080000000, 0x0000000100000000)
  region size 1024K, 5 young (5120K), 5 survivors (5120K)
 Metaspace       used 95681K, committed 96576K, reserved 1179648K
  class space    used 13292K, committed 13696K, reserved 1048576K
}
Event: 34.311 GC heap before
{Heap before GC invocations=38 (full 0):
 garbage-first heap   total 217088K, used 179563K [0x0000000080000000, 0x0000000100000000)
  region size 1024K, 50 young (51200K), 5 survivors (5120K)
 Metaspace       used 95711K, committed 96640K, reserved 1179648K
  class space    used 13293K, committed 13696K, reserved 1048576K
}
Event: 34.320 GC heap after
{Heap after GC invocations=39 (full 0):
 garbage-first heap   total 217088K, used 135757K [0x0000000080000000, 0x0000000100000000)
  region size 1024K, 4 young (4096K), 4 survivors (4096K)
 Metaspace       used 95711K, committed 96640K, reserved 1179648K
  class space    used 13293K, committed 13696K, reserved 1048576K
}
Event: 35.004 GC heap before
{Heap before GC invocations=39 (full 0):
 garbage-first heap   total 217088K, used 180813K [0x0000000080000000, 0x0000000100000000)
  region size 1024K, 48 young (49152K), 4 survivors (4096K)
 Metaspace       used 95825K, committed 96704K, reserved 1179648K
  class space    used 13304K, committed 13696K, reserved 1048576K
}
Event: 35.013 GC heap after
{Heap after GC invocations=40 (full 0):
 garbage-first heap   total 217088K, used 138007K [0x0000000080000000, 0x0000000100000000)
  region size 1024K, 5 young (5120K), 5 survivors (5120K)
 Metaspace       used 95825K, committed 96704K, reserved 1179648K
  class space    used 13304K, committed 13696K, reserved 1048576K
}
Event: 36.350 GC heap before
{Heap before GC invocations=40 (full 0):
 garbage-first heap   total 217088K, used 179991K [0x0000000080000000, 0x0000000100000000)
  region size 1024K, 47 young (48128K), 5 survivors (5120K)
 Metaspace       used 95990K, committed 96896K, reserved 1179648K
  class space    used 13328K, committed 13760K, reserved 1048576K
}
Event: 36.362 GC heap after
{Heap after GC invocations=41 (full 0):
 garbage-first heap   total 217088K, used 140705K [0x0000000080000000, 0x0000000100000000)
  region size 1024K, 5 young (5120K), 5 survivors (5120K)
 Metaspace       used 95990K, committed 96896K, reserved 1179648K
  class space    used 13328K, committed 13760K, reserved 1048576K
}
Event: 38.050 GC heap before
{Heap before GC invocations=41 (full 0):
 garbage-first heap   total 217088K, used 180641K [0x0000000080000000, 0x0000000100000000)
  region size 1024K, 45 young (46080K), 5 survivors (5120K)
 Metaspace       used 96047K, committed 96960K, reserved 1179648K
  class space    used 13333K, committed 13760K, reserved 1048576K
}
Event: 38.054 GC heap after
{Heap after GC invocations=42 (full 0):
 garbage-first heap   total 217088K, used 142042K [0x0000000080000000, 0x0000000100000000)
  region size 1024K, 4 young (4096K), 4 survivors (4096K)
 Metaspace       used 96047K, committed 96960K, reserved 1179648K
  class space    used 13333K, committed 13760K, reserved 1048576K
}

