# JRE version: OpenJDK Runtime Environment Temurin-17.0.18+8 (17.0.18+8) (build 17.0.18+8)
# Java VM: OpenJDK 64-Bit Server VM Temurin-17.0.18+8 (17.0.18+8, mixed mode, sharing, tiered, compressed oops, compressed class ptrs, g1 gc, windows-amd64)
GC Precious Log:
 CPUs: 8 total, 8 available
 Memory: 8070M
 Large Page Support: Disabled
 NUMA Support: Disabled
 Compressed Oops: Enabled (32-bit)
 Heap Region Size: 1M
 Heap Min Capacity: 8M
 Heap Initial Capacity: 128M
 Heap Max Capacity: 2G
 Pre-touch: Disabled
 Parallel Workers: 8
 Concurrent Workers: 2
 Concurrent Refinement Workers: 8
 Periodic GC: Disabled
Heap:
 garbage-first heap   total 396288K, used 306366K [0x0000000080000000, 0x0000000100000000)
  region size 1024K, 81 young (82944K), 10 survivors (10240K)
 Metaspace       used 168997K, committed 170112K, reserved 1245184K
  class space    used 21837K, committed 22336K, reserved 1048576K
GC Heap History (20 events):
Event: 74.925 GC heap before
{Heap before GC invocations=56 (full 0):
 garbage-first heap   total 331776K, used 275272K [0x0000000080000000, 0x0000000100000000)
  region size 1024K, 76 young (77824K), 10 survivors (10240K)
 Metaspace       used 125833K, committed 126848K, reserved 1179648K
  class space    used 16545K, committed 17024K, reserved 1048576K
}
Event: 74.943 GC heap after
{Heap after GC invocations=57 (full 0):
 garbage-first heap   total 331776K, used 214892K [0x0000000080000000, 0x0000000100000000)
  region size 1024K, 6 young (6144K), 6 survivors (6144K)
 Metaspace       used 125833K, committed 126848K, reserved 1179648K
  class space    used 16545K, committed 17024K, reserved 1048576K
}
Event: 78.646 GC heap before
{Heap before GC invocations=58 (full 0):
 garbage-first heap   total 365568K, used 276332K [0x0000000080000000, 0x0000000100000000)
  region size 1024K, 66 young (67584K), 6 survivors (6144K)
 Metaspace       used 134055K, committed 135040K, reserved 1179648K
  class space    used 17405K, committed 17856K, reserved 1048576K
}
Event: 78.662 GC heap after
{Heap after GC invocations=59 (full 0):
 garbage-first heap   total 365568K, used 218732K [0x0000000080000000, 0x0000000100000000)
  region size 1024K, 3 young (3072K), 3 survivors (3072K)
 Metaspace       used 134055K, committed 135040K, reserved 1179648K
  class space    used 17405K, committed 17856K, reserved 1048576K
}
Event: 79.447 GC heap before
{Heap before GC invocations=59 (full 0):
 garbage-first heap   total 365568K, used 232044K [0x0000000080000000, 0x0000000100000000)
  region size 1024K, 17 young (17408K), 3 survivors (3072K)
 Metaspace       used 136453K, committed 137472K, reserved 1179648K
  class space    used 17630K, committed 18112K, reserved 1048576K
}
Event: 79.458 GC heap after
{Heap after GC invocations=60 (full 0):
 garbage-first heap   total 365568K, used 218273K [0x0000000080000000, 0x0000000100000000)
  region size 1024K, 1 young (1024K), 1 survivors (1024K)
 Metaspace       used 136453K, committed 137472K, reserved 1179648K
  class space    used 17630K, committed 18112K, reserved 1048576K
}
Event: 85.091 GC heap before
{Heap before GC invocations=60 (full 0):
 garbage-first heap   total 365568K, used 308385K [0x0000000080000000, 0x0000000100000000)
  region size 1024K, 88 young (90112K), 1 survivors (1024K)
 Metaspace       used 144525K, committed 145472K, reserved 1179648K
  class space    used 18610K, committed 19072K, reserved 1048576K
}
Event: 85.100 GC heap after
{Heap after GC invocations=61 (full 0):
 garbage-first heap   total 365568K, used 221237K [0x0000000080000000, 0x0000000100000000)
  region size 1024K, 4 young (4096K), 4 survivors (4096K)
 Metaspace       used 144525K, committed 145472K, reserved 1179648K
  class space    used 18610K, committed 19072K, reserved 1048576K
}
Event: 88.681 GC heap before
{Heap before GC invocations=61 (full 0):
 garbage-first heap   total 365568K, used 300085K [0x0000000080000000, 0x0000000100000000)
  region size 1024K, 82 young (83968K), 4 survivors (4096K)
 Metaspace       used 150076K, committed 151040K, reserved 1245184K
  class space    used 19513K, committed 19968K, reserved 1048576K
}
Event: 88.691 GC heap after
{Heap after GC invocations=62 (full 0):
 garbage-first heap   total 365568K, used 217850K [0x0000000080000000, 0x0000000100000000)
  region size 1024K, 8 young (8192K), 8 survivors (8192K)
 Metaspace       used 150076K, committed 151040K, reserved 1245184K
  class space    used 19513K, committed 19968K, reserved 1048576K
}
Event: 93.881 GC heap before
{Heap before GC invocations=62 (full 0):
 garbage-first heap   total 365568K, used 311034K [0x0000000080000000, 0x0000000100000000)
  region size 1024K, 98 young (100352K), 8 survivors (8192K)
 Metaspace       used 154573K, committed 155584K, reserved 1245184K
  class space    used 20161K, committed 20608K, reserved 1048576K
}
Event: 93.912 GC heap after
{Heap after GC invocations=63 (full 0):
 garbage-first heap   total 365568K, used 226484K [0x0000000080000000, 0x0000000100000000)
  region size 1024K, 11 young (11264K), 11 survivors (11264K)
 Metaspace       used 154573K, committed 155584K, reserved 1245184K
  class space    used 20161K, committed 20608K, reserved 1048576K
}
Event: 96.981 GC heap before
{Heap before GC invocations=63 (full 0):
 garbage-first heap   total 365568K, used 311476K [0x0000000080000000, 0x0000000100000000)
  region size 1024K, 94 young (96256K), 11 survivors (11264K)
 Metaspace       used 154575K, committed 155584K, reserved 1245184K
  class space    used 20161K, committed 20608K, reserved 1048576K
}
Event: 97.003 GC heap after
{Heap after GC invocations=64 (full 0):
 garbage-first heap   total 365568K, used 230908K [0x0000000080000000, 0x0000000100000000)
  region size 1024K, 7 young (7168K), 7 survivors (7168K)
 Metaspace       used 154575K, committed 155584K, reserved 1245184K
  class space    used 20161K, committed 20608K, reserved 1048576K
}
Event: 101.681 GC heap before
{Heap before GC invocations=65 (full 0):
 garbage-first heap   total 396288K, used 309756K [0x0000000080000000, 0x0000000100000000)
  region size 1024K, 83 young (84992K), 7 survivors (7168K)
 Metaspace       used 159853K, committed 160896K, reserved 1245184K
  class space    used 20820K, committed 21312K, reserved 1048576K
}
Event: 101.709 GC heap after
{Heap after GC invocations=66 (full 0):
 garbage-first heap   total 396288K, used 234501K [0x0000000080000000, 0x0000000100000000)
  region size 1024K, 6 young (6144K), 6 survivors (6144K)
 Metaspace       used 159853K, committed 160896K, reserved 1245184K
  class space    used 20820K, committed 21312K, reserved 1048576K
}
Event: 102.125 GC heap before
{Heap before GC invocations=66 (full 0):
 garbage-first heap   total 396288K, used 246789K [0x0000000080000000, 0x0000000100000000)
  region size 1024K, 19 young (19456K), 6 survivors (6144K)
 Metaspace       used 161015K, committed 162112K, reserved 1245184K
  class space    used 21005K, committed 21504K, reserved 1048576K
}
Event: 102.144 GC heap after
{Heap after GC invocations=67 (full 0):
 garbage-first heap   total 396288K, used 226992K [0x0000000080000000, 0x0000000100000000)
  region size 1024K, 2 young (2048K), 2 survivors (2048K)
 Metaspace       used 161015K, committed 162112K, reserved 1245184K
  class space    used 21005K, committed 21504K, reserved 1048576K
}
Event: 104.965 GC heap before
{Heap before GC invocations=67 (full 0):
 garbage-first heap   total 396288K, used 331440K [0x0000000080000000, 0x0000000100000000)
  region size 1024K, 100 young (102400K), 2 survivors (2048K)
 Metaspace       used 168572K, committed 169728K, reserved 1245184K
  class space    used 21795K, committed 22336K, reserved 1048576K
}
Event: 104.981 GC heap after
{Heap after GC invocations=68 (full 0):
 garbage-first heap   total 396288K, used 235710K [0x0000000080000000, 0x0000000100000000)
  region size 1024K, 10 young (10240K), 10 survivors (10240K)
 Metaspace       used 168572K, committed 169728K, reserved 1245184K
  class space    used 21795K, committed 22336K, reserved 1048576K
}

