# JRE version: OpenJDK Runtime Environment Temurin-17.0.18+8 (17.0.18+8) (build 17.0.18+8)
# Java VM: OpenJDK 64-Bit Server VM Temurin-17.0.18+8 (17.0.18+8, mixed mode, sharing, tiered, compressed oops, compressed class ptrs, g1 gc, windows-amd64)
GC Precious Log:
 CPUs: 8 total, 8 available
 Memory: 8070M
 Large Page Support: Disabled
 NUMA Support: Disabled
 Compressed Oops: Enabled (32-bit)
 Heap Region Size: 1M
 Heap Min Capacity: 8M
 Heap Initial Capacity: 128M
 Heap Max Capacity: 2G
 Pre-touch: Disabled
 Parallel Workers: 8
 Concurrent Workers: 2
 Concurrent Refinement Workers: 8
 Periodic GC: Disabled
Heap:
 garbage-first heap   total 349184K, used 253061K [0x0000000080000000, 0x0000000100000000)
  region size 1024K, 3 young (3072K), 3 survivors (3072K)
 Metaspace       used 123861K, committed 124928K, reserved 1179648K
  class space    used 16220K, committed 16704K, reserved 1048576K
GC Heap History (20 events):
Event: 127.786 GC heap before
{Heap before GC invocations=74 (full 0):
 garbage-first heap   total 349184K, used 299482K [0x0000000080000000, 0x0000000100000000)
  region size 1024K, 90 young (92160K), 5 survivors (5120K)
 Metaspace       used 119293K, committed 120384K, reserved 1179648K
  class space    used 15731K, committed 16256K, reserved 1048576K
}
Event: 127.791 GC heap after
{Heap after GC invocations=75 (full 0):
 garbage-first heap   total 349184K, used 209622K [0x0000000080000000, 0x0000000100000000)
  region size 1024K, 4 young (4096K), 4 survivors (4096K)
 Metaspace       used 119293K, committed 120384K, reserved 1179648K
  class space    used 15731K, committed 16256K, reserved 1048576K
}
Event: 128.182 GC heap before
{Heap before GC invocations=75 (full 0):
 garbage-first heap   total 349184K, used 301782K [0x0000000080000000, 0x0000000100000000)
  region size 1024K, 94 young (96256K), 4 survivors (4096K)
 Metaspace       used 119295K, committed 120384K, reserved 1179648K
  class space    used 15731K, committed 16256K, reserved 1048576K
}
Event: 128.187 GC heap after
{Heap after GC invocations=76 (full 0):
 garbage-first heap   total 349184K, used 209697K [0x0000000080000000, 0x0000000100000000)
  region size 1024K, 4 young (4096K), 4 survivors (4096K)
 Metaspace       used 119295K, committed 120384K, reserved 1179648K
  class space    used 15731K, committed 16256K, reserved 1048576K
}
Event: 128.604 GC heap before
{Heap before GC invocations=76 (full 0):
 garbage-first heap   total 349184K, used 304929K [0x0000000080000000, 0x0000000100000000)
  region size 1024K, 96 young (98304K), 4 survivors (4096K)
 Metaspace       used 119296K, committed 120384K, reserved 1179648K
  class space    used 15731K, committed 16256K, reserved 1048576K
}
Event: 128.610 GC heap after
{Heap after GC invocations=77 (full 0):
 garbage-first heap   total 349184K, used 209488K [0x0000000080000000, 0x0000000100000000)
  region size 1024K, 4 young (4096K), 4 survivors (4096K)
 Metaspace       used 119296K, committed 120384K, reserved 1179648K
  class space    used 15731K, committed 16256K, reserved 1048576K
}
Event: 138.065 GC heap before
{Heap before GC invocations=77 (full 0):
 garbage-first heap   total 349184K, used 308816K [0x0000000080000000, 0x0000000100000000)
  region size 1024K, 97 young (99328K), 4 survivors (4096K)
 Metaspace       used 120560K, committed 121664K, reserved 1179648K
  class space    used 15898K, committed 16384K, reserved 1048576K
}
Event: 138.075 GC heap after
{Heap after GC invocations=78 (full 0):
 garbage-first heap   total 349184K, used 217597K [0x0000000080000000, 0x0000000100000000)
  region size 1024K, 10 young (10240K), 10 survivors (10240K)
 Metaspace       used 120560K, committed 121664K, reserved 1179648K
  class space    used 15898K, committed 16384K, reserved 1048576K
}
Event: 142.078 GC heap before
{Heap before GC invocations=78 (full 0):
 garbage-first heap   total 349184K, used 303613K [0x0000000080000000, 0x0000000100000000)
  region size 1024K, 92 young (94208K), 10 survivors (10240K)
 Metaspace       used 122440K, committed 123520K, reserved 1179648K
  class space    used 16110K, committed 16640K, reserved 1048576K
}
Event: 142.106 GC heap after
{Heap after GC invocations=79 (full 0):
 garbage-first heap   total 349184K, used 235018K [0x0000000080000000, 0x0000000100000000)
  region size 1024K, 12 young (12288K), 12 survivors (12288K)
 Metaspace       used 122440K, committed 123520K, reserved 1179648K
  class space    used 16110K, committed 16640K, reserved 1048576K
}
Event: 144.420 GC heap before
{Heap before GC invocations=79 (full 0):
 garbage-first heap   total 349184K, used 295434K [0x0000000080000000, 0x0000000100000000)
  region size 1024K, 71 young (72704K), 12 survivors (12288K)
 Metaspace       used 123791K, committed 124864K, reserved 1179648K
  class space    used 16220K, committed 16704K, reserved 1048576K
}
Event: 144.430 GC heap after
{Heap after GC invocations=80 (full 0):
 garbage-first heap   total 349184K, used 236882K [0x0000000080000000, 0x0000000100000000)
  region size 1024K, 7 young (7168K), 7 survivors (7168K)
 Metaspace       used 123791K, committed 124864K, reserved 1179648K
  class space    used 16220K, committed 16704K, reserved 1048576K
}
Event: 144.635 GC heap before
{Heap before GC invocations=80 (full 0):
 garbage-first heap   total 349184K, used 294226K [0x0000000080000000, 0x0000000100000000)
  region size 1024K, 64 young (65536K), 7 survivors (7168K)
 Metaspace       used 123856K, committed 124928K, reserved 1179648K
  class space    used 16220K, committed 16704K, reserved 1048576K
}
Event: 144.645 GC heap after
{Heap after GC invocations=81 (full 0):
 garbage-first heap   total 349184K, used 242099K [0x0000000080000000, 0x0000000100000000)
  region size 1024K, 6 young (6144K), 6 survivors (6144K)
 Metaspace       used 123856K, committed 124928K, reserved 1179648K
  class space    used 16220K, committed 16704K, reserved 1048576K
}
Event: 144.955 GC heap before
{Heap before GC invocations=81 (full 0):
 garbage-first heap   total 349184K, used 296371K [0x0000000080000000, 0x0000000100000000)
  region size 1024K, 60 young (61440K), 6 survivors (6144K)
 Metaspace       used 123858K, committed 124928K, reserved 1179648K
  class space    used 16220K, committed 16704K, reserved 1048576K
}
Event: 144.962 GC heap after
{Heap after GC invocations=82 (full 0):
 garbage-first heap   total 349184K, used 246287K [0x0000000080000000, 0x0000000100000000)
  region size 1024K, 5 young (5120K), 5 survivors (5120K)
 Metaspace       used 123858K, committed 124928K, reserved 1179648K
  class space    used 16220K, committed 16704K, reserved 1048576K
}
Event: 145.194 GC heap before
{Heap before GC invocations=82 (full 0):
 garbage-first heap   total 349184K, used 297487K [0x0000000080000000, 0x0000000100000000)
  region size 1024K, 56 young (57344K), 5 survivors (5120K)
 Metaspace       used 123859K, committed 124928K, reserved 1179648K
  class space    used 16220K, committed 16704K, reserved 1048576K
}
Event: 145.202 GC heap after
{Heap after GC invocations=83 (full 0):
 garbage-first heap   total 349184K, used 247713K [0x0000000080000000, 0x0000000100000000)
  region size 1024K, 2 young (2048K), 2 survivors (2048K)
 Metaspace       used 123859K, committed 124928K, reserved 1179648K
  class space    used 16220K, committed 16704K, reserved 1048576K
}
Event: 145.675 GC heap before
{Heap before GC invocations=83 (full 0):
 garbage-first heap   total 349184K, used 298913K [0x0000000080000000, 0x0000000100000000)
  region size 1024K, 53 young (54272K), 2 survivors (2048K)
 Metaspace       used 123860K, committed 124928K, reserved 1179648K
  class space    used 16220K, committed 16704K, reserved 1048576K
}
Event: 145.681 GC heap after
{Heap after GC invocations=84 (full 0):
 garbage-first heap   total 349184K, used 250982K [0x0000000080000000, 0x0000000100000000)
  region size 1024K, 5 young (5120K), 5 survivors (5120K)
 Metaspace       used 123860K, committed 124928K, reserved 1179648K
  class space    used 16220K, committed 16704K, reserved 1048576K
}

