# JRE version: OpenJDK Runtime Environment Temurin-17.0.18+8 (17.0.18+8) (build 17.0.18+8)
# Java VM: OpenJDK 64-Bit Server VM Temurin-17.0.18+8 (17.0.18+8, mixed mode, sharing, tiered, compressed oops, compressed class ptrs, g1 gc, windows-amd64)
GC Precious Log:
 CPUs: 8 total, 8 available
 Memory: 8070M
 Large Page Support: Disabled
 NUMA Support: Disabled
 Compressed Oops: Enabled (Zero based)
 Heap Region Size: 2M
 Heap Min Capacity: 8M
 Heap Initial Capacity: 128M
 Heap Max Capacity: 2948M
 Pre-touch: Disabled
 Parallel Workers: 8
 Concurrent Workers: 2
 Concurrent Refinement Workers: 8
 Periodic GC: Disabled
Heap:
 garbage-first heap   total 229376K, used 162362K [0x0000000747c00000, 0x0000000800000000)
  region size 2048K, 33 young (67584K), 4 survivors (8192K)
 Metaspace       used 91783K, committed 92672K, reserved 1179648K
  class space    used 12763K, committed 13184K, reserved 1048576K
GC Heap History (20 events):
Event: 17.292 GC heap before
{Heap before GC invocations=23 (full 0):
 garbage-first heap   total 141312K, used 101766K [0x0000000747c00000, 0x0000000800000000)
  region size 2048K, 15 young (30720K), 2 survivors (4096K)
 Metaspace       used 59816K, committed 60544K, reserved 1114112K
  class space    used 8225K, committed 8576K, reserved 1048576K
}
Event: 17.296 GC heap after
{Heap after GC invocations=24 (full 0):
 garbage-first heap   total 141312K, used 78589K [0x0000000747c00000, 0x0000000800000000)
  region size 2048K, 1 young (2048K), 1 survivors (2048K)
 Metaspace       used 59816K, committed 60544K, reserved 1114112K
  class space    used 8225K, committed 8576K, reserved 1048576K
}
Event: 17.796 GC heap before
{Heap before GC invocations=25 (full 0):
 garbage-first heap   total 147456K, used 105213K [0x0000000747c00000, 0x0000000800000000)
  region size 2048K, 14 young (28672K), 1 survivors (2048K)
 Metaspace       used 62307K, committed 62976K, reserved 1114112K
  class space    used 8609K, committed 8896K, reserved 1048576K
}
Event: 17.798 GC heap after
{Heap after GC invocations=26 (full 0):
 garbage-first heap   total 147456K, used 79328K [0x0000000747c00000, 0x0000000800000000)
  region size 2048K, 1 young (2048K), 1 survivors (2048K)
 Metaspace       used 62307K, committed 62976K, reserved 1114112K
  class space    used 8609K, committed 8896K, reserved 1048576K
}
Event: 17.883 GC heap before
{Heap before GC invocations=26 (full 0):
 garbage-first heap   total 147456K, used 81376K [0x0000000747c00000, 0x0000000800000000)
  region size 2048K, 3 young (6144K), 1 survivors (2048K)
 Metaspace       used 62651K, committed 63360K, reserved 1114112K
  class space    used 8662K, committed 8960K, reserved 1048576K
}
Event: 17.886 GC heap after
{Heap after GC invocations=27 (full 0):
 garbage-first heap   total 147456K, used 79548K [0x0000000747c00000, 0x0000000800000000)
  region size 2048K, 1 young (2048K), 1 survivors (2048K)
 Metaspace       used 62651K, committed 63360K, reserved 1114112K
  class space    used 8662K, committed 8960K, reserved 1048576K
}
Event: 18.262 GC heap before
{Heap before GC invocations=27 (full 0):
 garbage-first heap   total 147456K, used 110268K [0x0000000747c00000, 0x0000000800000000)
  region size 2048K, 17 young (34816K), 1 survivors (2048K)
 Metaspace       used 65057K, committed 65728K, reserved 1114112K
  class space    used 8955K, committed 9280K, reserved 1048576K
}
Event: 18.265 GC heap after
{Heap after GC invocations=28 (full 0):
 garbage-first heap   total 147456K, used 84034K [0x0000000747c00000, 0x0000000800000000)
  region size 2048K, 3 young (6144K), 3 survivors (6144K)
 Metaspace       used 65057K, committed 65728K, reserved 1114112K
  class space    used 8955K, committed 9280K, reserved 1048576K
}
Event: 18.654 GC heap before
{Heap before GC invocations=29 (full 0):
 garbage-first heap   total 151552K, used 114754K [0x0000000747c00000, 0x0000000800000000)
  region size 2048K, 18 young (36864K), 3 survivors (6144K)
 Metaspace       used 67202K, committed 67904K, reserved 1114112K
  class space    used 9244K, committed 9536K, reserved 1048576K
}
Event: 18.659 GC heap after
{Heap after GC invocations=30 (full 0):
 garbage-first heap   total 151552K, used 86338K [0x0000000747c00000, 0x0000000800000000)
  region size 2048K, 2 young (4096K), 2 survivors (4096K)
 Metaspace       used 67202K, committed 67904K, reserved 1114112K
  class space    used 9244K, committed 9536K, reserved 1048576K
}
Event: 18.686 GC heap before
{Heap before GC invocations=30 (full 0):
 garbage-first heap   total 151552K, used 88386K [0x0000000747c00000, 0x0000000800000000)
  region size 2048K, 3 young (6144K), 2 survivors (4096K)
 Metaspace       used 67408K, committed 68160K, reserved 1114112K
  class space    used 9260K, committed 9600K, reserved 1048576K
}
Event: 18.690 GC heap after
{Heap after GC invocations=31 (full 0):
 garbage-first heap   total 151552K, used 85159K [0x0000000747c00000, 0x0000000800000000)
  region size 2048K, 1 young (2048K), 1 survivors (2048K)
 Metaspace       used 67408K, committed 68160K, reserved 1114112K
  class space    used 9260K, committed 9600K, reserved 1048576K
}
Event: 19.211 GC heap before
{Heap before GC invocations=31 (full 0):
 garbage-first heap   total 151552K, used 105639K [0x0000000747c00000, 0x0000000800000000)
  region size 2048K, 13 young (26624K), 1 survivors (2048K)
 Metaspace       used 70418K, committed 71104K, reserved 1114112K
  class space    used 9622K, committed 9920K, reserved 1048576K
}
Event: 19.218 GC heap after
{Heap after GC invocations=32 (full 0):
 garbage-first heap   total 229376K, used 86304K [0x0000000747c00000, 0x0000000800000000)
  region size 2048K, 1 young (2048K), 1 survivors (2048K)
 Metaspace       used 70418K, committed 71104K, reserved 1114112K
  class space    used 9622K, committed 9920K, reserved 1048576K
}
Event: 20.691 GC heap before
{Heap before GC invocations=32 (full 0):
 garbage-first heap   total 229376K, used 178464K [0x0000000747c00000, 0x0000000800000000)
  region size 2048K, 44 young (90112K), 1 survivors (2048K)
 Metaspace       used 75303K, committed 76032K, reserved 1114112K
  class space    used 10274K, committed 10624K, reserved 1048576K
}
Event: 20.698 GC heap after
{Heap after GC invocations=33 (full 0):
 garbage-first heap   total 229376K, used 98059K [0x0000000747c00000, 0x0000000800000000)
  region size 2048K, 5 young (10240K), 5 survivors (10240K)
 Metaspace       used 75303K, committed 76032K, reserved 1114112K
  class space    used 10274K, committed 10624K, reserved 1048576K
}
Event: 21.862 GC heap before
{Heap before GC invocations=33 (full 0):
 garbage-first heap   total 229376K, used 175883K [0x0000000747c00000, 0x0000000800000000)
  region size 2048K, 43 young (88064K), 5 survivors (10240K)
 Metaspace       used 81121K, committed 81856K, reserved 1179648K
  class space    used 11266K, committed 11584K, reserved 1048576K
}
Event: 21.869 GC heap after
{Heap after GC invocations=34 (full 0):
 garbage-first heap   total 229376K, used 101354K [0x0000000747c00000, 0x0000000800000000)
  region size 2048K, 2 young (4096K), 2 survivors (4096K)
 Metaspace       used 81121K, committed 81856K, reserved 1179648K
  class space    used 11266K, committed 11584K, reserved 1048576K
}
Event: 22.946 GC heap before
{Heap before GC invocations=34 (full 0):
 garbage-first heap   total 229376K, used 181226K [0x0000000747c00000, 0x0000000800000000)
  region size 2048K, 41 young (83968K), 2 survivors (4096K)
 Metaspace       used 86603K, committed 87488K, reserved 1179648K
  class space    used 12053K, committed 12480K, reserved 1048576K
}
Event: 22.951 GC heap after
{Heap after GC invocations=35 (full 0):
 garbage-first heap   total 229376K, used 105018K [0x0000000747c00000, 0x0000000800000000)
  region size 2048K, 4 young (8192K), 4 survivors (8192K)
 Metaspace       used 86603K, committed 87488K, reserved 1179648K
  class space    used 12053K, committed 12480K, reserved 1048576K
}

