# JRE version: OpenJDK Runtime Environment Temurin-17.0.18+8 (17.0.18+8) (build 17.0.18+8)
# Java VM: OpenJDK 64-Bit Server VM Temurin-17.0.18+8 (17.0.18+8, mixed mode, sharing, tiered, compressed oops, compressed class ptrs, g1 gc, windows-amd64)
GC Precious Log:
 CPUs: 8 total, 8 available
 Memory: 8070M
 Large Page Support: Disabled
 NUMA Support: Disabled
 Compressed Oops: Enabled (Zero based)
 Heap Region Size: 2M
 Heap Min Capacity: 8M
 Heap Initial Capacity: 128M
 Heap Max Capacity: 2948M
 Pre-touch: Disabled
 Parallel Workers: 8
 Concurrent Workers: 2
 Concurrent Refinement Workers: 8
 Periodic GC: Disabled
Heap:
 garbage-first heap   total 258048K, used 160523K [0x0000000747c00000, 0x0000000800000000)
  region size 2048K, 2 young (4096K), 2 survivors (4096K)
 Metaspace       used 106972K, committed 107968K, reserved 1179648K
  class space    used 14811K, committed 15296K, reserved 1048576K
GC Heap History (20 events):
Event: 19.728 GC heap after
{Heap after GC invocations=34 (full 0):
 garbage-first heap   total 258048K, used 123405K [0x0000000747c00000, 0x0000000800000000)
  region size 2048K, 1 young (2048K), 1 survivors (2048K)
 Metaspace       used 95047K, committed 95936K, reserved 1179648K
  class space    used 13217K, committed 13632K, reserved 1048576K
}
Event: 20.514 GC heap before
{Heap before GC invocations=34 (full 0):
 garbage-first heap   total 258048K, used 205325K [0x0000000747c00000, 0x0000000800000000)
  region size 2048K, 41 young (83968K), 1 survivors (2048K)
 Metaspace       used 95367K, committed 96256K, reserved 1179648K
  class space    used 13281K, committed 13696K, reserved 1048576K
}
Event: 20.520 GC heap after
{Heap after GC invocations=35 (full 0):
 garbage-first heap   total 258048K, used 127856K [0x0000000747c00000, 0x0000000800000000)
  region size 2048K, 3 young (6144K), 3 survivors (6144K)
 Metaspace       used 95367K, committed 96256K, reserved 1179648K
  class space    used 13281K, committed 13696K, reserved 1048576K
}
Event: 21.083 GC heap before
{Heap before GC invocations=35 (full 0):
 garbage-first heap   total 258048K, used 205680K [0x0000000747c00000, 0x0000000800000000)
  region size 2048K, 42 young (86016K), 3 survivors (6144K)
 Metaspace       used 95663K, committed 96576K, reserved 1179648K
  class space    used 13317K, committed 13696K, reserved 1048576K
}
Event: 21.091 GC heap after
{Heap after GC invocations=36 (full 0):
 garbage-first heap   total 258048K, used 131583K [0x0000000747c00000, 0x0000000800000000)
  region size 2048K, 5 young (10240K), 5 survivors (10240K)
 Metaspace       used 95663K, committed 96576K, reserved 1179648K
  class space    used 13317K, committed 13696K, reserved 1048576K
}
Event: 21.539 GC heap before
{Heap before GC invocations=36 (full 0):
 garbage-first heap   total 258048K, used 207359K [0x0000000747c00000, 0x0000000800000000)
  region size 2048K, 43 young (88064K), 5 survivors (10240K)
 Metaspace       used 95780K, committed 96640K, reserved 1179648K
  class space    used 13327K, committed 13696K, reserved 1048576K
}
Event: 21.547 GC heap after
{Heap after GC invocations=37 (full 0):
 garbage-first heap   total 258048K, used 134885K [0x0000000747c00000, 0x0000000800000000)
  region size 2048K, 5 young (10240K), 5 survivors (10240K)
 Metaspace       used 95780K, committed 96640K, reserved 1179648K
  class space    used 13327K, committed 13696K, reserved 1048576K
}
Event: 22.939 GC heap before
{Heap before GC invocations=37 (full 0):
 garbage-first heap   total 258048K, used 208613K [0x0000000747c00000, 0x0000000800000000)
  region size 2048K, 42 young (86016K), 5 survivors (10240K)
 Metaspace       used 96424K, committed 97344K, reserved 1179648K
  class space    used 13423K, committed 13824K, reserved 1048576K
}
Event: 22.952 GC heap after
{Heap after GC invocations=38 (full 0):
 garbage-first heap   total 258048K, used 137619K [0x0000000747c00000, 0x0000000800000000)
  region size 2048K, 5 young (10240K), 5 survivors (10240K)
 Metaspace       used 96424K, committed 97344K, reserved 1179648K
  class space    used 13423K, committed 13824K, reserved 1048576K
}
Event: 23.935 GC heap before
{Heap before GC invocations=38 (full 0):
 garbage-first heap   total 258048K, used 209299K [0x0000000747c00000, 0x0000000800000000)
  region size 2048K, 41 young (83968K), 5 survivors (10240K)
 Metaspace       used 99492K, committed 100416K, reserved 1179648K
  class space    used 13818K, committed 14272K, reserved 1048576K
}
Event: 23.944 GC heap after
{Heap after GC invocations=39 (full 0):
 garbage-first heap   total 258048K, used 142586K [0x0000000747c00000, 0x0000000800000000)
  region size 2048K, 6 young (12288K), 6 survivors (12288K)
 Metaspace       used 99492K, committed 100416K, reserved 1179648K
  class space    used 13818K, committed 14272K, reserved 1048576K
}
Event: 24.252 GC heap before
{Heap before GC invocations=39 (full 0):
 garbage-first heap   total 258048K, used 208122K [0x0000000747c00000, 0x0000000800000000)
  region size 2048K, 39 young (79872K), 6 survivors (12288K)
 Metaspace       used 99561K, committed 100544K, reserved 1179648K
  class space    used 13822K, committed 14272K, reserved 1048576K
}
Event: 24.260 GC heap after
{Heap after GC invocations=40 (full 0):
 garbage-first heap   total 258048K, used 144847K [0x0000000747c00000, 0x0000000800000000)
  region size 2048K, 3 young (6144K), 3 survivors (6144K)
 Metaspace       used 99561K, committed 100544K, reserved 1179648K
  class space    used 13822K, committed 14272K, reserved 1048576K
}
Event: 36.659 GC heap before
{Heap before GC invocations=40 (full 0):
 garbage-first heap   total 258048K, used 210383K [0x0000000747c00000, 0x0000000800000000)
  region size 2048K, 36 young (73728K), 3 survivors (6144K)
 Metaspace       used 100880K, committed 101888K, reserved 1179648K
  class space    used 14022K, committed 14464K, reserved 1048576K
}
Event: 36.666 GC heap after
{Heap after GC invocations=41 (full 0):
 garbage-first heap   total 258048K, used 146915K [0x0000000747c00000, 0x0000000800000000)
  region size 2048K, 4 young (8192K), 4 survivors (8192K)
 Metaspace       used 100880K, committed 101888K, reserved 1179648K
  class space    used 14022K, committed 14464K, reserved 1048576K
}
Event: 48.960 GC heap before
{Heap before GC invocations=41 (full 0):
 garbage-first heap   total 258048K, used 212451K [0x0000000747c00000, 0x0000000800000000)
  region size 2048K, 37 young (75776K), 4 survivors (8192K)
 Metaspace       used 101353K, committed 102336K, reserved 1179648K
  class space    used 14074K, committed 14528K, reserved 1048576K
}
Event: 48.972 GC heap after
{Heap after GC invocations=42 (full 0):
 garbage-first heap   total 258048K, used 150359K [0x0000000747c00000, 0x0000000800000000)
  region size 2048K, 5 young (10240K), 5 survivors (10240K)
 Metaspace       used 101353K, committed 102336K, reserved 1179648K
  class space    used 14074K, committed 14528K, reserved 1048576K
}
Event: 49.936 GC heap before
{Heap before GC invocations=42 (full 0):
 garbage-first heap   total 258048K, used 213847K [0x0000000747c00000, 0x0000000800000000)
  region size 2048K, 36 young (73728K), 5 survivors (10240K)
 Metaspace       used 102773K, committed 103744K, reserved 1179648K
  class space    used 14180K, committed 14656K, reserved 1048576K
}
Event: 49.960 GC heap after
{Heap after GC invocations=43 (full 0):
 garbage-first heap   total 258048K, used 157704K [0x0000000747c00000, 0x0000000800000000)
  region size 2048K, 5 young (10240K), 5 survivors (10240K)
 Metaspace       used 102773K, committed 103744K, reserved 1179648K
  class space    used 14180K, committed 14656K, reserved 1048576K
}
Event: 51.046 GC heap before
{Heap before GC invocations=43 (full 0):
 garbage-first heap   total 258048K, used 208904K [0x0000000747c00000, 0x0000000800000000)
  region size 2048K, 31 young (63488K), 5 survivors (10240K)
 Metaspace       used 106972K, committed 107968K, reserved 1179648K
  class space    used 14811K, committed 15296K, reserved 1048576K
}

