# JRE version: OpenJDK Runtime Environment (21.0.8) (build 21.0.8+-14196175-b1038.72)
# Java VM: OpenJDK 64-Bit Server VM (21.0.8+-14196175-b1038.72, mixed mode, tiered, compressed oops, compressed class ptrs, g1 gc, windows-amd64)
GC Precious Log:
 CardTable entry size: 512
 Card Set container configuration: InlinePtr #cards 5 size 8 Array Of Cards #cards 12 size 40 Howl #buckets 4 coarsen threshold 1843 Howl Bitmap #cards 512 size 80 coarsen threshold 460 Card regions per heap region 1 cards per card region 2048
 CPUs: 8 total, 8 available
 Memory: 8070M
 Large Page Support: Disabled
 NUMA Support: Disabled
 Compressed Oops: Enabled (32-bit)
 Heap Region Size: 1M
 Heap Min Capacity: 8M
 Heap Initial Capacity: 128M
 Heap Max Capacity: 2G
 Pre-touch: Disabled
 Parallel Workers: 8
 Concurrent Workers: 2
 Concurrent Refinement Workers: 8
 Periodic GC: Disabled
Heap:
 garbage-first heap   total 71680K, used 41117K [0x0000000080000000, 0x0000000100000000)
  region size 1024K, 8 young (8192K), 4 survivors (4096K)
 Metaspace       used 56228K, committed 57600K, reserved 1114112K
  class space    used 7946K, committed 8576K, reserved 1048576K
GC Heap History (20 events):
Event: 3.421 GC heap before
{Heap before GC invocations=3 (full 0):
 garbage-first heap   total 131072K, used 38978K [0x0000000080000000, 0x0000000100000000)
  region size 1024K, 28 young (28672K), 6 survivors (6144K)
 Metaspace       used 21208K, committed 21504K, reserved 1114112K
  class space    used 2532K, committed 2688K, reserved 1048576K
}
Event: 3.425 GC heap after
{Heap after GC invocations=4 (full 0):
 garbage-first heap   total 131072K, used 20537K [0x0000000080000000, 0x0000000100000000)
  region size 1024K, 3 young (3072K), 3 survivors (3072K)
 Metaspace       used 21208K, committed 21504K, reserved 1114112K
  class space    used 2532K, committed 2688K, reserved 1048576K
}
Event: 4.253 GC heap before
{Heap before GC invocations=5 (full 0):
 garbage-first heap   total 71680K, used 59449K [0x0000000080000000, 0x0000000100000000)
  region size 1024K, 42 young (43008K), 3 survivors (3072K)
 Metaspace       used 28059K, committed 28544K, reserved 1114112K
  class space    used 3629K, committed 3840K, reserved 1048576K
}
Event: 4.258 GC heap after
{Heap after GC invocations=6 (full 0):
 garbage-first heap   total 71680K, used 22541K [0x0000000080000000, 0x0000000100000000)
  region size 1024K, 5 young (5120K), 5 survivors (5120K)
 Metaspace       used 28059K, committed 28544K, reserved 1114112K
  class space    used 3629K, committed 3840K, reserved 1048576K
}
Event: 4.862 GC heap before
{Heap before GC invocations=6 (full 0):
 garbage-first heap   total 71680K, used 55309K [0x0000000080000000, 0x0000000100000000)
  region size 1024K, 38 young (38912K), 5 survivors (5120K)
 Metaspace       used 32474K, committed 33152K, reserved 1114112K
  class space    used 4413K, committed 4736K, reserved 1048576K
}
Event: 4.867 GC heap after
{Heap after GC invocations=7 (full 0):
 garbage-first heap   total 71680K, used 24916K [0x0000000080000000, 0x0000000100000000)
  region size 1024K, 5 young (5120K), 5 survivors (5120K)
 Metaspace       used 32474K, committed 33152K, reserved 1114112K
  class space    used 4413K, committed 4736K, reserved 1048576K
}
Event: 5.190 GC heap before
{Heap before GC invocations=7 (full 0):
 garbage-first heap   total 71680K, used 43348K [0x0000000080000000, 0x0000000100000000)
  region size 1024K, 24 young (24576K), 5 survivors (5120K)
 Metaspace       used 35211K, committed 35968K, reserved 1114112K
  class space    used 4878K, committed 5248K, reserved 1048576K
}
Event: 5.196 GC heap after
{Heap after GC invocations=8 (full 0):
 garbage-first heap   total 71680K, used 25861K [0x0000000080000000, 0x0000000100000000)
  region size 1024K, 2 young (2048K), 2 survivors (2048K)
 Metaspace       used 35211K, committed 35968K, reserved 1114112K
  class space    used 4878K, committed 5248K, reserved 1048576K
}
Event: 5.936 GC heap before
{Heap before GC invocations=9 (full 0):
 garbage-first heap   total 71680K, used 58629K [0x0000000080000000, 0x0000000100000000)
  region size 1024K, 34 young (34816K), 2 survivors (2048K)
 Metaspace       used 41900K, committed 42752K, reserved 1114112K
  class space    used 5781K, committed 6208K, reserved 1048576K
}
Event: 5.942 GC heap after
{Heap after GC invocations=10 (full 0):
 garbage-first heap   total 71680K, used 28721K [0x0000000080000000, 0x0000000100000000)
  region size 1024K, 4 young (4096K), 4 survivors (4096K)
 Metaspace       used 41900K, committed 42752K, reserved 1114112K
  class space    used 5781K, committed 6208K, reserved 1048576K
}
Event: 6.274 GC heap before
{Heap before GC invocations=10 (full 0):
 garbage-first heap   total 71680K, used 59441K [0x0000000080000000, 0x0000000100000000)
  region size 1024K, 35 young (35840K), 4 survivors (4096K)
 Metaspace       used 44010K, committed 44928K, reserved 1114112K
  class space    used 6013K, committed 6400K, reserved 1048576K
}
Event: 6.281 GC heap after
{Heap after GC invocations=11 (full 0):
 garbage-first heap   total 71680K, used 32012K [0x0000000080000000, 0x0000000100000000)
  region size 1024K, 4 young (4096K), 4 survivors (4096K)
 Metaspace       used 44010K, committed 44928K, reserved 1114112K
  class space    used 6013K, committed 6400K, reserved 1048576K
}
Event: 6.424 GC heap before
{Heap before GC invocations=11 (full 0):
 garbage-first heap   total 71680K, used 43276K [0x0000000080000000, 0x0000000100000000)
  region size 1024K, 14 young (14336K), 4 survivors (4096K)
 Metaspace       used 44989K, committed 45952K, reserved 1114112K
  class space    used 6166K, committed 6592K, reserved 1048576K
}
Event: 6.426 GC heap after
{Heap after GC invocations=12 (full 0):
 garbage-first heap   total 71680K, used 34050K [0x0000000080000000, 0x0000000100000000)
  region size 1024K, 1 young (1024K), 1 survivors (1024K)
 Metaspace       used 44989K, committed 45952K, reserved 1114112K
  class space    used 6166K, committed 6592K, reserved 1048576K
}
Event: 6.874 GC heap before
{Heap before GC invocations=13 (full 0):
 garbage-first heap   total 71680K, used 64770K [0x0000000080000000, 0x0000000100000000)
  region size 1024K, 29 young (29696K), 1 survivors (1024K)
 Metaspace       used 49051K, committed 50176K, reserved 1114112K
  class space    used 6724K, committed 7232K, reserved 1048576K
}
Event: 6.877 GC heap after
{Heap after GC invocations=14 (full 0):
 garbage-first heap   total 71680K, used 34124K [0x0000000080000000, 0x0000000100000000)
  region size 1024K, 4 young (4096K), 4 survivors (4096K)
 Metaspace       used 49051K, committed 50176K, reserved 1114112K
  class space    used 6724K, committed 7232K, reserved 1048576K
}
Event: 7.236 GC heap before
{Heap before GC invocations=14 (full 0):
 garbage-first heap   total 71680K, used 61772K [0x0000000080000000, 0x0000000100000000)
  region size 1024K, 31 young (31744K), 4 survivors (4096K)
 Metaspace       used 52495K, committed 53952K, reserved 1114112K
  class space    used 7296K, committed 8000K, reserved 1048576K
}
Event: 7.241 GC heap after
{Heap after GC invocations=15 (full 0):
 garbage-first heap   total 71680K, used 35441K [0x0000000080000000, 0x0000000100000000)
  region size 1024K, 2 young (2048K), 2 survivors (2048K)
 Metaspace       used 52495K, committed 53952K, reserved 1114112K
  class space    used 7296K, committed 8000K, reserved 1048576K
}
Event: 7.625 GC heap before
{Heap before GC invocations=15 (full 0):
 garbage-first heap   total 71680K, used 63089K [0x0000000080000000, 0x0000000100000000)
  region size 1024K, 30 young (30720K), 2 survivors (2048K)
 Metaspace       used 55756K, committed 57152K, reserved 1114112K
  class space    used 7870K, committed 8512K, reserved 1048576K
}
Event: 7.630 GC heap after
{Heap after GC invocations=16 (full 0):
 garbage-first heap   total 71680K, used 38045K [0x0000000080000000, 0x0000000100000000)
  region size 1024K, 4 young (4096K), 4 survivors (4096K)
 Metaspace       used 55756K, committed 57152K, reserved 1114112K
  class space    used 7870K, committed 8512K, reserved 1048576K
}

