# JRE version: OpenJDK Runtime Environment Temurin-17.0.18+8 (17.0.18+8) (build 17.0.18+8)
# Java VM: OpenJDK 64-Bit Server VM Temurin-17.0.18+8 (17.0.18+8, mixed mode, sharing, tiered, compressed oops, compressed class ptrs, g1 gc, windows-amd64)
GC Precious Log:
 CPUs: 8 total, 8 available
 Memory: 8070M
 Large Page Support: Disabled
 NUMA Support: Disabled
 Compressed Oops: Enabled (32-bit)
 Heap Region Size: 1M
 Heap Min Capacity: 8M
 Heap Initial Capacity: 128M
 Heap Max Capacity: 2G
 Pre-touch: Disabled
 Parallel Workers: 8
 Concurrent Workers: 2
 Concurrent Refinement Workers: 8
 Periodic GC: Disabled
Heap:
 garbage-first heap   total 402432K, used 147989K [0x0000000080000000, 0x0000000100000000)
  region size 1024K, 5 young (5120K), 5 survivors (5120K)
 Metaspace       used 101798K, committed 102784K, reserved 1179648K
  class space    used 14087K, committed 14528K, reserved 1048576K
GC Heap History (20 events):
Event: 34.976 GC heap after
{Heap after GC invocations=44 (full 0):
 garbage-first heap   total 402432K, used 120612K [0x0000000080000000, 0x0000000100000000)
  region size 1024K, 2 young (2048K), 2 survivors (2048K)
 Metaspace       used 95088K, committed 96000K, reserved 1179648K
  class space    used 13229K, committed 13632K, reserved 1048576K
}
Event: 36.205 GC heap before
{Heap before GC invocations=44 (full 0):
 garbage-first heap   total 402432K, used 246564K [0x0000000080000000, 0x0000000100000000)
  region size 1024K, 126 young (129024K), 2 survivors (2048K)
 Metaspace       used 95586K, committed 96448K, reserved 1179648K
  class space    used 13313K, committed 13696K, reserved 1048576K
}
Event: 36.215 GC heap after
{Heap after GC invocations=45 (full 0):
 garbage-first heap   total 402432K, used 125220K [0x0000000080000000, 0x0000000100000000)
  region size 1024K, 6 young (6144K), 6 survivors (6144K)
 Metaspace       used 95586K, committed 96448K, reserved 1179648K
  class space    used 13313K, committed 13696K, reserved 1048576K
}
Event: 39.157 GC heap before
{Heap before GC invocations=46 (full 0):
 garbage-first heap   total 402432K, used 291108K [0x0000000080000000, 0x0000000100000000)
  region size 1024K, 167 young (171008K), 6 survivors (6144K)
 Metaspace       used 95928K, committed 96832K, reserved 1179648K
  class space    used 13349K, committed 13760K, reserved 1048576K
}
Event: 39.175 GC heap after
{Heap after GC invocations=47 (full 0):
 garbage-first heap   total 402432K, used 131373K [0x0000000080000000, 0x0000000100000000)
  region size 1024K, 12 young (12288K), 12 survivors (12288K)
 Metaspace       used 95928K, committed 96832K, reserved 1179648K
  class space    used 13349K, committed 13760K, reserved 1048576K
}
Event: 39.315 GC heap before
{Heap before GC invocations=47 (full 0):
 garbage-first heap   total 402432K, used 137517K [0x0000000080000000, 0x0000000100000000)
  region size 1024K, 19 young (19456K), 12 survivors (12288K)
 Metaspace       used 95928K, committed 96832K, reserved 1179648K
  class space    used 13349K, committed 13760K, reserved 1048576K
}
Event: 39.329 GC heap after
{Heap after GC invocations=48 (full 0):
 garbage-first heap   total 402432K, used 131476K [0x0000000080000000, 0x0000000100000000)
  region size 1024K, 3 young (3072K), 3 survivors (3072K)
 Metaspace       used 95928K, committed 96832K, reserved 1179648K
  class space    used 13349K, committed 13760K, reserved 1048576K
}
Event: 42.562 GC heap before
{Heap before GC invocations=48 (full 0):
 garbage-first heap   total 402432K, used 309652K [0x0000000080000000, 0x0000000100000000)
  region size 1024K, 178 young (182272K), 3 survivors (3072K)
 Metaspace       used 99403K, committed 100352K, reserved 1179648K
  class space    used 13815K, committed 14272K, reserved 1048576K
}
Event: 42.592 GC heap after
{Heap after GC invocations=49 (full 0):
 garbage-first heap   total 402432K, used 138180K [0x0000000080000000, 0x0000000100000000)
  region size 1024K, 10 young (10240K), 10 survivors (10240K)
 Metaspace       used 99403K, committed 100352K, reserved 1179648K
  class space    used 13815K, committed 14272K, reserved 1048576K
}
Event: 77.404 GC heap before
{Heap before GC invocations=50 (full 0):
 garbage-first heap   total 402432K, used 322500K [0x0000000080000000, 0x0000000100000000)
  region size 1024K, 191 young (195584K), 10 survivors (10240K)
 Metaspace       used 101632K, committed 102656K, reserved 1179648K
  class space    used 14084K, committed 14528K, reserved 1048576K
}
Event: 77.416 GC heap after
{Heap after GC invocations=51 (full 0):
 garbage-first heap   total 402432K, used 143321K [0x0000000080000000, 0x0000000100000000)
  region size 1024K, 15 young (15360K), 15 survivors (15360K)
 Metaspace       used 101632K, committed 102656K, reserved 1179648K
  class space    used 14084K, committed 14528K, reserved 1048576K
}
Event: 77.462 GC heap before
{Heap before GC invocations=51 (full 0):
 garbage-first heap   total 402432K, used 146393K [0x0000000080000000, 0x0000000100000000)
  region size 1024K, 19 young (19456K), 15 survivors (15360K)
 Metaspace       used 101639K, committed 102656K, reserved 1179648K
  class space    used 14086K, committed 14528K, reserved 1048576K
}
Event: 77.511 GC heap after
{Heap after GC invocations=52 (full 0):
 garbage-first heap   total 402432K, used 143030K [0x0000000080000000, 0x0000000100000000)
  region size 1024K, 2 young (2048K), 2 survivors (2048K)
 Metaspace       used 101639K, committed 102656K, reserved 1179648K
  class space    used 14086K, committed 14528K, reserved 1048576K
}
Event: 78.029 GC heap before
{Heap before GC invocations=52 (full 0):
 garbage-first heap   total 402432K, used 327350K [0x0000000080000000, 0x0000000100000000)
  region size 1024K, 183 young (187392K), 2 survivors (2048K)
 Metaspace       used 101717K, committed 102720K, reserved 1179648K
  class space    used 14088K, committed 14528K, reserved 1048576K
}
Event: 78.035 GC heap after
{Heap after GC invocations=53 (full 0):
 garbage-first heap   total 402432K, used 145159K [0x0000000080000000, 0x0000000100000000)
  region size 1024K, 5 young (5120K), 5 survivors (5120K)
 Metaspace       used 101717K, committed 102720K, reserved 1179648K
  class space    used 14088K, committed 14528K, reserved 1048576K
}
Event: 79.107 GC heap before
{Heap before GC invocations=54 (full 0):
 garbage-first heap   total 402432K, used 331527K [0x0000000080000000, 0x0000000100000000)
  region size 1024K, 188 young (192512K), 5 survivors (5120K)
 Metaspace       used 101751K, committed 102720K, reserved 1179648K
  class space    used 14087K, committed 14528K, reserved 1048576K
}
Event: 79.116 GC heap after
{Heap after GC invocations=55 (full 0):
 garbage-first heap   total 402432K, used 145694K [0x0000000080000000, 0x0000000100000000)
  region size 1024K, 5 young (5120K), 5 survivors (5120K)
 Metaspace       used 101751K, committed 102720K, reserved 1179648K
  class space    used 14087K, committed 14528K, reserved 1048576K
}
Event: 79.155 GC heap before
{Heap before GC invocations=55 (full 0):
 garbage-first heap   total 402432K, used 159006K [0x0000000080000000, 0x0000000100000000)
  region size 1024K, 19 young (19456K), 5 survivors (5120K)
 Metaspace       used 101753K, committed 102720K, reserved 1179648K
  class space    used 14087K, committed 14528K, reserved 1048576K
}
Event: 79.180 GC heap after
{Heap after GC invocations=56 (full 0):
 garbage-first heap   total 402432K, used 144391K [0x0000000080000000, 0x0000000100000000)
  region size 1024K, 1 young (1024K), 1 survivors (1024K)
 Metaspace       used 101753K, committed 102720K, reserved 1179648K
  class space    used 14087K, committed 14528K, reserved 1048576K
}
Event: 79.607 GC heap before
{Heap before GC invocations=56 (full 0):
 garbage-first heap   total 402432K, used 334855K [0x0000000080000000, 0x0000000100000000)
  region size 1024K, 188 young (192512K), 1 survivors (1024K)
 Metaspace       used 101798K, committed 102784K, reserved 1179648K
  class space    used 14087K, committed 14528K, reserved 1048576K
}

