# JRE version: OpenJDK Runtime Environment Temurin-17.0.18+8 (17.0.18+8) (build 17.0.18+8)
# Java VM: OpenJDK 64-Bit Server VM Temurin-17.0.18+8 (17.0.18+8, mixed mode, sharing, tiered, compressed oops, compressed class ptrs, g1 gc, windows-amd64)
GC Precious Log:
 CPUs: 8 total, 8 available
 Memory: 8070M
 Large Page Support: Disabled
 NUMA Support: Disabled
 Compressed Oops: Enabled (32-bit)
 Heap Region Size: 1M
 Heap Min Capacity: 8M
 Heap Initial Capacity: 128M
 Heap Max Capacity: 2018M
 Pre-touch: Disabled
 Parallel Workers: 8
 Concurrent Workers: 2
 Concurrent Refinement Workers: 8
 Periodic GC: Disabled
Heap:
 garbage-first heap   total 132096K, used 68480K [0x0000000081e00000, 0x0000000100000000)
  region size 1024K, 1 young (1024K), 1 survivors (1024K)
 Metaspace       used 50141K, committed 50432K, reserved 1114112K
  class space    used 5932K, committed 6080K, reserved 1048576K
GC Heap History (20 events):
Event: 5.819 GC heap after
{Heap after GC invocations=9 (full 0):
 garbage-first heap   total 109568K, used 25042K [0x0000000081e00000, 0x0000000100000000)
  region size 1024K, 5 young (5120K), 5 survivors (5120K)
 Metaspace       used 35769K, committed 35968K, reserved 1114112K
  class space    used 4492K, committed 4608K, reserved 1048576K
}
Event: 7.639 GC heap before
{Heap before GC invocations=10 (full 0):
 garbage-first heap   total 89088K, used 70098K [0x0000000081e00000, 0x0000000100000000)
  region size 1024K, 47 young (48128K), 5 survivors (5120K)
 Metaspace       used 40534K, committed 40896K, reserved 1114112K
  class space    used 5018K, committed 5184K, reserved 1048576K
}
Event: 7.675 GC heap after
{Heap after GC invocations=11 (full 0):
 garbage-first heap   total 89088K, used 35418K [0x0000000081e00000, 0x0000000100000000)
  region size 1024K, 7 young (7168K), 7 survivors (7168K)
 Metaspace       used 40534K, committed 40896K, reserved 1114112K
  class space    used 5018K, committed 5184K, reserved 1048576K
}
Event: 8.648 GC heap before
{Heap before GC invocations=11 (full 0):
 garbage-first heap   total 89088K, used 63066K [0x0000000081e00000, 0x0000000100000000)
  region size 1024K, 34 young (34816K), 7 survivors (7168K)
 Metaspace       used 43378K, committed 43712K, reserved 1114112K
  class space    used 5289K, committed 5440K, reserved 1048576K
}
Event: 8.675 GC heap after
{Heap after GC invocations=12 (full 0):
 garbage-first heap   total 89088K, used 39470K [0x0000000081e00000, 0x0000000100000000)
  region size 1024K, 4 young (4096K), 4 survivors (4096K)
 Metaspace       used 43378K, committed 43712K, reserved 1114112K
  class space    used 5289K, committed 5440K, reserved 1048576K
}
Event: 9.874 GC heap before
{Heap before GC invocations=12 (full 0):
 garbage-first heap   total 89088K, used 64046K [0x0000000081e00000, 0x0000000100000000)
  region size 1024K, 29 young (29696K), 4 survivors (4096K)
 Metaspace       used 47215K, committed 47488K, reserved 1114112K
  class space    used 5742K, committed 5888K, reserved 1048576K
}
Event: 9.886 GC heap after
{Heap after GC invocations=13 (full 0):
 garbage-first heap   total 89088K, used 42213K [0x0000000081e00000, 0x0000000100000000)
  region size 1024K, 3 young (3072K), 3 survivors (3072K)
 Metaspace       used 47215K, committed 47488K, reserved 1114112K
  class space    used 5742K, committed 5888K, reserved 1048576K
}
Event: 10.487 GC heap before
{Heap before GC invocations=13 (full 0):
 garbage-first heap   total 89088K, used 66789K [0x0000000081e00000, 0x0000000100000000)
  region size 1024K, 27 young (27648K), 3 survivors (3072K)
 Metaspace       used 48453K, committed 48768K, reserved 1114112K
  class space    used 5843K, committed 6016K, reserved 1048576K
}
Event: 10.501 GC heap after
{Heap after GC invocations=14 (full 0):
 garbage-first heap   total 89088K, used 48085K [0x0000000081e00000, 0x0000000100000000)
  region size 1024K, 4 young (4096K), 4 survivors (4096K)
 Metaspace       used 48453K, committed 48768K, reserved 1114112K
  class space    used 5843K, committed 6016K, reserved 1048576K
}
Event: 10.976 GC heap before
{Heap before GC invocations=14 (full 0):
 garbage-first heap   total 89088K, used 65493K [0x0000000081e00000, 0x0000000100000000)
  region size 1024K, 22 young (22528K), 4 survivors (4096K)
 Metaspace       used 48858K, committed 49152K, reserved 1114112K
  class space    used 5853K, committed 6016K, reserved 1048576K
}
Event: 10.991 GC heap after
{Heap after GC invocations=15 (full 0):
 garbage-first heap   total 107520K, used 53685K [0x0000000081e00000, 0x0000000100000000)
  region size 1024K, 3 young (3072K), 3 survivors (3072K)
 Metaspace       used 48858K, committed 49152K, reserved 1114112K
  class space    used 5853K, committed 6016K, reserved 1048576K
}
Event: 12.087 GC heap before
{Heap before GC invocations=16 (full 0):
 garbage-first heap   total 107520K, used 80309K [0x0000000081e00000, 0x0000000100000000)
  region size 1024K, 28 young (28672K), 3 survivors (3072K)
 Metaspace       used 49918K, committed 50240K, reserved 1114112K
  class space    used 5925K, committed 6080K, reserved 1048576K
}
Event: 12.133 GC heap after
{Heap after GC invocations=17 (full 0):
 garbage-first heap   total 107520K, used 61029K [0x0000000081e00000, 0x0000000100000000)
  region size 1024K, 4 young (4096K), 4 survivors (4096K)
 Metaspace       used 49918K, committed 50240K, reserved 1114112K
  class space    used 5925K, committed 6080K, reserved 1048576K
}
Event: 12.185 GC heap before
{Heap before GC invocations=17 (full 0):
 garbage-first heap   total 107520K, used 62053K [0x0000000081e00000, 0x0000000100000000)
  region size 1024K, 5 young (5120K), 4 survivors (4096K)
 Metaspace       used 49926K, committed 50240K, reserved 1114112K
  class space    used 5926K, committed 6080K, reserved 1048576K
}
Event: 12.207 GC heap after
{Heap after GC invocations=18 (full 0):
 garbage-first heap   total 107520K, used 61181K [0x0000000081e00000, 0x0000000100000000)
  region size 1024K, 1 young (1024K), 1 survivors (1024K)
 Metaspace       used 49926K, committed 50240K, reserved 1114112K
  class space    used 5926K, committed 6080K, reserved 1048576K
}
Event: 13.187 GC heap before
{Heap before GC invocations=18 (full 0):
 garbage-first heap   total 107520K, used 81661K [0x0000000081e00000, 0x0000000100000000)
  region size 1024K, 21 young (21504K), 1 survivors (1024K)
 Metaspace       used 50071K, committed 50368K, reserved 1114112K
  class space    used 5932K, committed 6080K, reserved 1048576K
}
Event: 13.213 GC heap after
{Heap after GC invocations=19 (full 0):
 garbage-first heap   total 107520K, used 64509K [0x0000000081e00000, 0x0000000100000000)
  region size 1024K, 3 young (3072K), 3 survivors (3072K)
 Metaspace       used 50071K, committed 50368K, reserved 1114112K
  class space    used 5932K, committed 6080K, reserved 1048576K
}
Event: 14.522 GC heap before
{Heap before GC invocations=20 (full 0):
 garbage-first heap   total 116736K, used 83965K [0x0000000081e00000, 0x0000000100000000)
  region size 1024K, 22 young (22528K), 3 survivors (3072K)
 Metaspace       used 50137K, committed 50432K, reserved 1114112K
  class space    used 5932K, committed 6080K, reserved 1048576K
}
Event: 14.559 GC heap after
{Heap after GC invocations=21 (full 0):
 garbage-first heap   total 116736K, used 68137K [0x0000000081e00000, 0x0000000100000000)
  region size 1024K, 3 young (3072K), 3 survivors (3072K)
 Metaspace       used 50137K, committed 50432K, reserved 1114112K
  class space    used 5932K, committed 6080K, reserved 1048576K
}
Event: 14.644 GC heap before
{Heap before GC invocations=21 (full 0):
 garbage-first heap   total 116736K, used 70185K [0x0000000081e00000, 0x0000000100000000)
  region size 1024K, 5 young (5120K), 3 survivors (3072K)
 Metaspace       used 50141K, committed 50432K, reserved 1114112K
  class space    used 5932K, committed 6080K, reserved 1048576K
}

